campro/litvin/casadi_litvin.py:6: error: Function is missing a type annotation  [no-untyped-def]
campro/litvin/casadi_litvin.py:18: error: Function is missing a type annotation  [no-untyped-def]
campro/litvin/casadi_litvin.py:31: error: Function is missing a type annotation  [no-untyped-def]
campro/litvin/casadi_litvin.py:40: error: Function is missing a type annotation  [no-untyped-def]
campro/litvin/casadi_litvin.py:82: error: Function is missing a type annotation  [no-untyped-def]
campro/litvin/casadi_litvin.py:213: error: Function is missing a return type annotation  [no-untyped-def]
campro/utils/structured_reporter.py:203: error: Incompatible return value type (got "_GeneratorContextManager[StructuredReporter, None, None]", expected "Iterator[StructuredReporter]")  [return-value]
campro/optimization/validation/solution_validator.py:98: error: Argument 1 to "len" has incompatible type "object"; expected "Sized"  [arg-type]
campro/optimization/validation/solution_validator.py:114: error: "object" has no attribute "append"  [attr-defined]
campro/optimization/validation/physics_validator.py:93: error: Argument 1 to "len" has incompatible type "object"; expected "Sized"  [arg-type]
campro/optimization/validation/physics_validator.py:111: error: "object" has no attribute "append"  [attr-defined]
campro/optimization/validation/config_validator.py:15: error: Function is missing a return type annotation  [no-untyped-def]
campro/optimization/validation/config_validator.py:15: note: Use "-> None" if function does not return a value
campro/optimization/validation/config_validator.py:103: error: Argument 1 to "len" has incompatible type "object"; expected "Sized"  [arg-type]
campro/optimization/validation/config_validator.py:104: error: Argument 1 to "len" has incompatible type "object"; expected "Sized"  [arg-type]
campro/optimization/validation/config_validator.py:105: error: Argument 1 to "len" has incompatible type "object"; expected "Sized"  [arg-type]
campro/optimization/validation/config_validator.py:121: error: "object" has no attribute "append"  [attr-defined]
campro/optimization/utils/parameter_tuning.py:28: error: Function is missing a return type annotation  [no-untyped-def]
campro/optimization/utils/parameter_tuning.py:28: note: Use "-> None" if function does not return a value
campro/optimization/utils/parameter_tuning.py:98: error: Incompatible types in assignment (expression has type "float", variable has type "int")  [assignment]
campro/optimization/utils/parameter_tuning.py:104: error: Incompatible types in assignment (expression has type "float", variable has type "int")  [assignment]
campro/optimization/numerical/config_factory.py:239: error: Function is missing a type annotation for one or more arguments  [no-untyped-def]
campro/optimization/numerical/config_factory.py:352: error: Cannot call function of unknown type  [operator]
campro/optimization/numerical/config_factory.py:355: error: Function is missing a type annotation for one or more arguments  [no-untyped-def]
campro/optimization/numerical/config_factory.py:436: error: Function is missing a type annotation for one or more arguments  [no-untyped-def]
campro/optimization/examples/examples.py:30: error: Function is missing a return type annotation  [no-untyped-def]
campro/optimization/examples/examples.py:63: error: Function is missing a return type annotation  [no-untyped-def]
campro/optimization/examples/examples.py:109: error: Function is missing a return type annotation  [no-untyped-def]
campro/optimization/examples/examples.py:133: error: Function is missing a return type annotation  [no-untyped-def]
campro/optimization/examples/examples.py:157: error: Function is missing a return type annotation  [no-untyped-def]
campro/optimization/examples/examples.py:180: error: Function is missing a return type annotation  [no-untyped-def]
campro/optimization/examples/examples.py:204: error: Function is missing a return type annotation  [no-untyped-def]
campro/optimization/examples/examples.py:228: error: Function is missing a return type annotation  [no-untyped-def]
campro/optimization/examples/examples.py:248: error: Function is missing a return type annotation  [no-untyped-def]
campro/optimization/examples/examples.py:294: error: Function is missing a return type annotation  [no-untyped-def]
campro/optimization/examples/examples.py:327: error: Function is missing a return type annotation  [no-untyped-def]
campro/optimization/examples/examples.py:370: error: Function is missing a return type annotation  [no-untyped-def]
campro/optimization/examples/examples.py:402: error: Function is missing a return type annotation  [no-untyped-def]
campro/optimization/core/piston.py:343: error: Function is missing a return type annotation  [no-untyped-def]
campro/optimization/core/piston.py:370: error: Too many positional arguments for "clearance_penalty"  [misc]
campro/optimization/core/losses.py:378: error: Function is missing a return type annotation  [no-untyped-def]
campro/storage/base.py:182: error: Incompatible types in assignment (expression has type "float", variable has type "floating[Any]")  [assignment]
campro/constraints/base.py:53: error: Function is missing a return type annotation  [no-untyped-def]
campro/constraints/base.py:53: note: Use "-> None" if function does not return a value
campro/constraints/base.py:66: error: Function is missing a return type annotation  [no-untyped-def]
campro/constraints/base.py:66: note: Use "-> None" if function does not return a value
campro/constraints/base.py:67: note: By default the bodies of untyped functions are not checked, consider using --check-untyped-defs  [annotation-unchecked]
campro/constraints/base.py:68: note: By default the bodies of untyped functions are not checked, consider using --check-untyped-defs  [annotation-unchecked]
campro/constraints/base.py:148: error: Need type annotation for "violations" (hint: "violations: list[<type>] = ...")  [var-annotated]
campro/physics/pr_template.py:259: error: No overload variant of "range" matches argument types "SupportsDunderLT[Any] | SupportsDunderGT[Any]", "SupportsDunderLT[Any] | SupportsDunderGT[Any]"  [call-overload]
campro/physics/pr_template.py:259: note: Possible overload variants:
campro/physics/pr_template.py:259: note:     def __new__(cls, SupportsIndex, /) -> range
campro/physics/pr_template.py:259: note:     def __new__(cls, SupportsIndex, SupportsIndex, SupportsIndex = ..., /) -> range
campro/physics/pr_template.py:266: error: No overload variant of "range" matches argument types "SupportsDunderLT[Any] | SupportsDunderGT[Any]", "SupportsDunderLT[Any] | SupportsDunderGT[Any]"  [call-overload]
campro/physics/pr_template.py:266: note: Possible overload variants:
campro/physics/pr_template.py:266: note:     def __new__(cls, SupportsIndex, /) -> range
campro/physics/pr_template.py:266: note:     def __new__(cls, SupportsIndex, SupportsIndex, SupportsIndex = ..., /) -> range
campro/physics/cam_ring_mapping.py:52: error: Dict entry 4 has incompatible type "str": "str"; expected "str": "float"  [dict-item]
campro/physics/cam_ring_mapping.py:191: error: Function is missing a type annotation for one or more arguments  [no-untyped-def]
campro/physics/cam_ring_mapping.py:288: error: Function is missing a type annotation  [no-untyped-def]
campro/physics/cam_ring_mapping.py:522: error: Need type annotation for "extra_points" (hint: "extra_points: list[<type>] = ...")  [var-annotated]
campro/physics/base/result.py:46: error: Function is missing a return type annotation  [no-untyped-def]
campro/physics/base/result.py:46: note: Use "-> None" if function does not return a value
campro/optimization/numerical/motion_law.py:44: error: Function is missing a return type annotation  [no-untyped-def]
campro/optimization/numerical/motion_law.py:44: note: Use "-> None" if function does not return a value
campro/optimization/numerical/motion_law.py:128: error: Function is missing a return type annotation  [no-untyped-def]
campro/optimization/numerical/motion_law.py:128: note: Use "-> None" if function does not return a value
campro/optimization/numerical/collocation_builder.py:105: error: Function is missing a return type annotation  [no-untyped-def]
campro/optimization/numerical/collocation_builder.py:111: error: Function is missing a return type annotation  [no-untyped-def]
campro/optimization/numerical/collocation_builder.py:111: note: Use "-> None" if function does not return a value
campro/optimization/numerical/collocation_builder.py:190: error: Function is missing a return type annotation  [no-untyped-def]
campro/optimization/numerical/collocation_builder.py:194: error: Function is missing a return type annotation  [no-untyped-def]
campro/optimization/numerical/collocation_builder.py:200: error: Function is missing a return type annotation  [no-untyped-def]
campro/optimization/numerical/collocation_builder.py:209: error: Function is missing a return type annotation  [no-untyped-def]
campro/optimization/numerical/collocation_builder.py:213: error: Function is missing a return type annotation  [no-untyped-def]
campro/optimization/numerical/collocation_builder.py:213: note: Use "-> None" if function does not return a value
campro/optimization/numerical/casadi_problem_spec.py:102: error: Function is missing a return type annotation  [no-untyped-def]
campro/optimization/numerical/casadi_problem_spec.py:102: note: Use "-> None" if function does not return a value
campro/optimization/numerical/base.py:113: error: Function is missing a type annotation for one or more arguments  [no-untyped-def]
campro/optimization/numerical/base.py:122: error: Function is missing a type annotation for one or more arguments  [no-untyped-def]
campro/optimization/numerical/base.py:228: error: Incompatible types in assignment (expression has type "floating[Any]", target has type "float")  [assignment]
campro/optimization/numerical/base.py:236: error: Incompatible types in assignment (expression has type "floating[Any]", target has type "float")  [assignment]
campro/optimization/initialization/thermo_solvers.py:30: error: Function is missing a type annotation  [no-untyped-def]
campro/optimization/initialization/thermo_solvers.py:67: error: Function is missing a type annotation  [no-untyped-def]
campro/optimization/initialization/thermo_solvers.py:97: error: Function is missing a type annotation  [no-untyped-def]
campro/optimization/initialization/thermo_solvers.py:154: error: Function is missing a type annotation  [no-untyped-def]
campro/optimization/initialization/thermo_solvers.py:212: error: Function is missing a type annotation  [no-untyped-def]
campro/optimization/initialization/thermo_solvers.py:409: error: Function is missing a type annotation  [no-untyped-def]
campro/optimization/initialization/thermo_solvers.py:414: error: Function is missing a type annotation  [no-untyped-def]
campro/optimization/initialization/thermo_solvers.py:425: error: Function is missing a type annotation  [no-untyped-def]
campro/optimization/initialization/geometry_solvers.py:23: error: Function is missing a type annotation  [no-untyped-def]
campro/optimization/initialization/geometry_solvers.py:60: error: Function is missing a type annotation  [no-untyped-def]
campro/optimization/initialization/geometry_solvers.py:73: error: Function is missing a type annotation  [no-untyped-def]
campro/optimization/initialization/geometry_solvers.py:80: error: Function is missing a type annotation  [no-untyped-def]
campro/optimization/initialization/geometry_solvers.py:131: error: Function is missing a type annotation  [no-untyped-def]
campro/optimization/core/symbolic_geometry.py:35: error: Function is missing a return type annotation  [no-untyped-def]
campro/optimization/core/symbolic_geometry.py:38: error: Function is missing a type annotation  [no-untyped-def]
campro/optimization/core/symbolic_geometry.py:119: error: Function is missing a type annotation  [no-untyped-def]
campro/optimization/core/polar_geometry.py:66: error: Function is missing a return type annotation  [no-untyped-def]
campro/optimization/core/polar_geometry.py:66: note: Use "-> None" if function does not return a value
campro/optimization/core/polar_geometry.py:129: error: Function is missing a type annotation  [no-untyped-def]
campro/optimization/core/polar_geometry.py:169: error: Function is missing a return type annotation  [no-untyped-def]
campro/optimization/core/polar_geometry.py:169: note: Use "-> None" if function does not return a value
campro/optimization/core/polar_geometry.py:244: error: "None" not callable  [misc]
campro/optimization/core/polar_geometry.py:245: error: "None" not callable  [misc]
campro/optimization/core/polar_geometry.py:246: error: "None" not callable  [misc]
campro/optimization/core/polar_geometry.py:250: error: Function is missing a return type annotation  [no-untyped-def]
campro/constraints/motion.py:64: error: Function is missing a return type annotation  [no-untyped-def]
campro/constraints/motion.py:64: note: Use "-> None" if function does not return a value
campro/constraints/motion.py:69: error: Function is missing a return type annotation  [no-untyped-def]
campro/constraints/motion.py:69: note: Use "-> None" if function does not return a value
campro/constraints/motion.py:290: error: Function "builtins.any" is not valid as a type  [valid-type]
campro/constraints/motion.py:290: note: Perhaps you meant "typing.Any" instead of "any"?
campro/constraints/motion.py:307: error: Function "builtins.any" is not valid as a type  [valid-type]
campro/constraints/motion.py:307: note: Perhaps you meant "typing.Any" instead of "any"?
campro/physics/simple_cycle_adapter.py:327: error: Incompatible types in assignment (expression has type "list[int]", variable has type "range")  [assignment]
campro/physics/base/model.py:34: error: Function is missing a type annotation for one or more arguments  [no-untyped-def]
campro/physics/base/model.py:43: error: Function is missing a type annotation for one or more arguments  [no-untyped-def]
campro/physics/base/model.py:124: error: "bool" not callable  [operator]
campro/physics/base/model.py:134: error: "PhysicsResult" has no attribute "simulation_time"  [attr-defined]
campro/physics/base/model.py:136: error: "PhysicsResult" has no attribute "simulation_time"  [attr-defined]
campro/optimization/nlp.py:20: error: Function is missing a type annotation  [no-untyped-def]
campro/optimization/nlp.py:102: error: Function is missing a type annotation  [no-untyped-def]
campro/optimization/nlp.py:291: error: Incompatible types in assignment (expression has type "int", variable has type "ndarray[Any, dtype[signedinteger[_64Bit]]]")  [assignment]
campro/optimization/numerical/shooting.py:43: error: Function is missing a return type annotation  [no-untyped-def]
campro/optimization/numerical/shooting.py:54: error: Incompatible types in assignment (expression has type "PolarCamGeometry", variable has type "None")  [assignment]
campro/optimization/numerical/shooting.py:71: error: Function is missing a type annotation  [no-untyped-def]
campro/optimization/numerical/shooting.py:115: error: Function is missing a return type annotation  [no-untyped-def]
campro/optimization/numerical/shooting.py:125: error: Function is missing a type annotation  [no-untyped-def]
campro/optimization/numerical/shooting.py:170: error: "None" has no attribute "get_kinematics"  [attr-defined]
campro/optimization/initialization/manager.py:99: error: Argument "key" to "sort" of "list" has incompatible type "Callable[[dict[str, object]], object]"; expected "Callable[[dict[str, object]], SupportsDunderLT[Any] | SupportsDunderGT[Any]]"  [arg-type]
campro/optimization/initialization/manager.py:99: error: Incompatible return value type (got "object", expected "SupportsDunderLT[Any] | SupportsDunderGT[Any]")  [return-value]
campro/optimization/initialization/manager.py:103: error: Value of type "object" is not indexable  [index]
campro/utils/plotting.py:156: error: Function is missing a type annotation for one or more arguments  [no-untyped-def]
campro/utils/plotting.py:195: error: Function is missing a type annotation for one or more arguments  [no-untyped-def]
campro/constraints/cam.py:61: error: Function is missing a return type annotation  [no-untyped-def]
campro/constraints/cam.py:61: note: Use "-> None" if function does not return a value
campro/constraints/cam.py:79: error: Function is missing a return type annotation  [no-untyped-def]
campro/constraints/cam.py:79: note: Use "-> None" if function does not return a value
campro/constraints/cam.py:306: error: Function "builtins.any" is not valid as a type  [valid-type]
campro/constraints/cam.py:306: note: Perhaps you meant "typing.Any" instead of "any"?
campro/constraints/cam.py:320: error: Function "builtins.any" is not valid as a type  [valid-type]
campro/constraints/cam.py:320: note: Perhaps you meant "typing.Any" instead of "any"?
campro/environment/hsl_detector.py:380: error: Incompatible types in assignment (expression has type "int", target has type "str")  [assignment]
campro/environment/validator.py:230: error: Incompatible types in assignment (expression has type "int", target has type "str")  [assignment]
campro/diagnostics/scaling.py:52: error: Incompatible return value type (got "tuple[int | float | ndarray[Any, Any], int | float | ndarray[Any, Any]]", expected "tuple[ndarray[Any, Any], ndarray[Any, Any]]")  [return-value]
campro/diagnostics/scaling.py:62: error: Incompatible types in assignment (expression has type "int | float | ndarray[Any, Any]", target has type "ndarray[Any, Any]")  [assignment]
campro/diagnostics/scaling.py:73: error: Incompatible types in assignment (expression has type "int | float | ndarray[Any, Any]", target has type "ndarray[Any, Any]")  [assignment]
campro/diagnostics/scaling.py:80: error: Function is missing a return type annotation  [no-untyped-def]
campro/diagnostics/scaling.py:89: error: Function is missing a return type annotation  [no-untyped-def]
campro/diagnostics/scaling.py:122: error: Argument 1 to "float" has incompatible type "generic | bool | int | float | complex | str | bytes | memoryview[int]"; expected "str | Buffer | SupportsFloat | SupportsIndex"  [arg-type]
campro/diagnostics/scaling.py:145: error: Argument 1 to "float" has incompatible type "generic | bool | int | float | complex | str | bytes | memoryview[int]"; expected "str | Buffer | SupportsFloat | SupportsIndex"  [arg-type]
campro/diagnostics/scaling.py:154: error: Argument 1 to "float" has incompatible type "generic | bool | int | float | complex | str | bytes | memoryview[int]"; expected "str | Buffer | SupportsFloat | SupportsIndex"  [arg-type]
campro/diagnostics/scaling.py:221: error: Function is missing a return type annotation  [no-untyped-def]
campro/physics/mechanics/side_loading.py:67: error: Function is missing a type annotation for one or more arguments  [no-untyped-def]
campro/physics/mechanics/side_loading.py:67: error: Signature of "configure" incompatible with supertype "campro.physics.base.model.BasePhysicsModel"  [override]
campro/physics/mechanics/side_loading.py:67: note:      Superclass:
campro/physics/mechanics/side_loading.py:67: note:          def configure(self, **kwargs: Any) -> None
campro/physics/mechanics/side_loading.py:67: note:      Subclass:
campro/physics/mechanics/side_loading.py:67: note:          def configure(self, piston_geometry: dict[str, float], **kwargs: Any) -> None
campro/physics/mechanics/side_loading.py:99: error: Function is missing a type annotation for one or more arguments  [no-untyped-def]
campro/physics/mechanics/side_loading.py:118: error: "PhysicsResult" has no attribute "simulation_time"  [attr-defined]
campro/physics/kinematics/meshing_law.py:155: error: Function "builtins.callable" is not valid as a type  [valid-type]
campro/physics/kinematics/meshing_law.py:155: note: Perhaps you meant "typing.Callable" instead of "callable"?
campro/physics/kinematics/meshing_law.py:182: error: Function is missing a type annotation  [no-untyped-def]
campro/physics/kinematics/meshing_law.py:214: error: Function "builtins.callable" is not valid as a type  [valid-type]
campro/physics/kinematics/meshing_law.py:214: note: Perhaps you meant "typing.Callable" instead of "callable"?
campro/physics/kinematics/meshing_law.py:240: error: callable? not callable  [misc]
campro/physics/kinematics/crank_kinematics.py:68: error: Function is missing a type annotation for one or more arguments  [no-untyped-def]
campro/physics/kinematics/crank_kinematics.py:68: error: Signature of "configure" incompatible with supertype "campro.physics.base.model.BasePhysicsModel"  [override]
campro/physics/kinematics/crank_kinematics.py:68: note:      Superclass:
campro/physics/kinematics/crank_kinematics.py:68: note:          def configure(self, **kwargs: Any) -> None
campro/physics/kinematics/crank_kinematics.py:68: note:      Subclass:
campro/physics/kinematics/crank_kinematics.py:68: note:          def configure(self, crank_radius: float, rod_length: float, **kwargs: Any) -> None
campro/physics/kinematics/crank_kinematics.py:90: error: Function is missing a type annotation for one or more arguments  [no-untyped-def]
campro/physics/kinematics/crank_kinematics.py:107: error: "PhysicsResult" has no attribute "simulation_time"  [attr-defined]
campro/physics/casadi/litvin.py:265: error: Function is missing a type annotation  [no-untyped-def]
campro/physics/casadi/litvin.py:411: error: Function is missing a type annotation  [no-untyped-def]
campro/optimization/numerical/obj.py:105: error: Too many positional arguments for "indicated_work_trapezoidal"  [misc]
campro/optimization/numerical/obj.py:169: error: Too many positional arguments for "indicated_work_simpson"  [misc]
campro/optimization/numerical/obj.py:208: error: Too many positional arguments for "indicated_work_trapezoidal"  [misc]
campro/optimization/numerical/obj.py:210: error: Too many positional arguments for "indicated_work_simpson"  [misc]
campro/optimization/numerical/obj.py:212: error: Too many positional arguments for "indicated_work_gauss"  [misc]
campro/optimization/numerical/obj.py:709: error: Function is missing a return type annotation  [no-untyped-def]
campro/optimization/numerical/cons.py:24: error: Function is missing a return type annotation  [no-untyped-def]
campro/optimization/adapters/thermal_efficiency_adapter.py:243: error: Function is missing a type annotation for one or more arguments  [no-untyped-def]
campro/optimization/adapters/thermal_efficiency_adapter.py:346: error: Function is missing a type annotation for one or more arguments  [no-untyped-def]
campro/optimization/adapters/thermal_efficiency_adapter.py:426: error: Function is missing a type annotation for one or more arguments  [no-untyped-def]
campro/optimization/adapters/thermal_efficiency_adapter.py:530: error: Function is missing a type annotation for one or more arguments  [no-untyped-def]
campro/physics/casadi/torque.py:212: error: Function is missing a type annotation  [no-untyped-def]
campro/optimization/numerical/motion_law_optimizer.py:134: error: Incompatible types in assignment (expression has type "ThermalEfficiencyAdapter", variable has type "None")  [assignment]
campro/optimization/numerical/motion_law_optimizer.py:141: error: Function is missing a type annotation for one or more arguments  [no-untyped-def]
campro/optimization/numerical/motion_law_optimizer.py:221: error: Function is missing a type annotation for one or more arguments  [no-untyped-def]
campro/optimization/numerical/motion_law_optimizer.py:553: error: Argument "motion_type" to "MotionLawResult" has incompatible type "MotionType"; expected "str"  [arg-type]
campro/optimization/numerical/motion_law_optimizer.py:631: error: Argument "motion_type" to "MotionLawResult" has incompatible type "MotionType"; expected "str"  [arg-type]
campro/optimization/numerical/motion_law_optimizer.py:749: error: Argument "motion_type" to "MotionLawResult" has incompatible type "MotionType"; expected "str"  [arg-type]
campro/optimization/numerical/motion_law_optimizer.py:860: error: Argument "motion_type" to "MotionLawResult" has incompatible type "MotionType"; expected "str"  [arg-type]
campro/physics/mechanics/torque_analysis.py:66: error: Function is missing a type annotation for one or more arguments  [no-untyped-def]
campro/physics/mechanics/torque_analysis.py:66: error: Signature of "configure" incompatible with supertype "campro.physics.base.model.BasePhysicsModel"  [override]
campro/physics/mechanics/torque_analysis.py:66: note:      Superclass:
campro/physics/mechanics/torque_analysis.py:66: note:          def configure(self, **kwargs: Any) -> None
campro/physics/mechanics/torque_analysis.py:66: note:      Subclass:
campro/physics/mechanics/torque_analysis.py:66: note:          def configure(self, crank_radius: float, rod_length: float, gear_geometry: LitvinGearGeometry, **kwargs: Any) -> None
campro/physics/mechanics/torque_analysis.py:98: error: Function is missing a type annotation for one or more arguments  [no-untyped-def]
campro/physics/mechanics/torque_analysis.py:115: error: "PhysicsResult" has no attribute "simulation_time"  [attr-defined]
campro/physics/mechanics/torque_analysis.py:243: error: Incompatible return value type (got "floating[Any]", expected "float")  [return-value]
campro/physics/mechanics/torque_analysis.py:287: error: Argument "cycle_average_torque" to "TorqueAnalysisResult" has incompatible type "floating[Any]"; expected "float"  [arg-type]
campro/physics/mechanics/torque_analysis.py:294: error: Argument "torque_ripple" to "TorqueAnalysisResult" has incompatible type "floating[Any] | int"; expected "float"  [arg-type]
campro/physics/mechanics/torque_analysis.py:295: error: Argument "power_output" to "TorqueAnalysisResult" has incompatible type "floating[Any | _64Bit]"; expected "float"  [arg-type]
campro/optimization/numerical/collocation.py:77: error: Function is missing a return type annotation  [no-untyped-def]
campro/optimization/numerical/collocation.py:77: note: Use "-> None" if function does not return a value
campro/optimization/numerical/collocation.py:102: error: Function is missing a type annotation for one or more arguments  [no-untyped-def]
campro/optimization/numerical/collocation.py:133: error: Function is missing a type annotation for one or more arguments  [no-untyped-def]
campro/optimization/strategies/tertiary.py:112: error: Function is missing a type annotation for one or more arguments  [no-untyped-def]
campro/optimization/strategies/tertiary.py:136: error: Function is missing a type annotation for one or more arguments  [no-untyped-def]
campro/optimization/strategies/tertiary.py:226: error: Item "dict[Any, Any]" of "Any | dict[Any, Any]" has no attribute "to_dict"  [union-attr]
campro/optimization/strategies/tertiary.py:275: error: Function is missing a type annotation  [no-untyped-def]
campro/optimization/strategies/tertiary.py:289: error: Function is missing a type annotation for one or more arguments  [no-untyped-def]
campro/optimization/strategies/secondary.py:88: error: Function is missing a type annotation for one or more arguments  [no-untyped-def]
campro/optimization/strategies/gear_synthesis.py:172: error: Function is missing a type annotation  [no-untyped-def]
campro/optimization/solvers/ipopt_solver.py:100: error: Function is missing a return type annotation  [no-untyped-def]
campro/optimization/solvers/ipopt_solver.py:100: note: Use "-> None" if function does not return a value
campro/optimization/solvers/ipopt_solver.py:858: error: Incompatible types in assignment (expression has type "float", target has type "int")  [assignment]
campro/optimization/solvers/ipopt_solver.py:859: error: Incompatible types in assignment (expression has type "float", target has type "int")  [assignment]
campro/optimization/solvers/ipopt_solver.py:860: error: Incompatible types in assignment (expression has type "float", target has type "int")  [assignment]
campro/optimization/solvers/ipopt_solver.py:867: error: Incompatible types in assignment (expression has type "str", target has type "int")  [assignment]
campro/optimization/solvers/ipopt_solver.py:868: error: Incompatible types in assignment (expression has type "float", target has type "int")  [assignment]
campro/optimization/solvers/ipopt_solver.py:869: error: Incompatible types in assignment (expression has type "float", target has type "int")  [assignment]
campro/optimization/solvers/ipopt_solver.py:870: error: Incompatible types in assignment (expression has type "float", target has type "int")  [assignment]
campro/optimization/solvers/ipopt_solver.py:872: error: Incompatible types in assignment (expression has type "float", target has type "int")  [assignment]
campro/optimization/solvers/ipopt_solver.py:874: error: Incompatible types in assignment (expression has type "float", target has type "int")  [assignment]
campro/optimization/solvers/ipopt_solver.py:877: error: Incompatible types in assignment (expression has type "str", target has type "int")  [assignment]
campro/optimization/solvers/ipopt_solver.py:880: error: Incompatible types in assignment (expression has type "float", target has type "int")  [assignment]
campro/optimization/solvers/ipopt_solver.py:881: error: Incompatible types in assignment (expression has type "float", target has type "int")  [assignment]
campro/optimization/solvers/ipopt_solver.py:882: error: Incompatible types in assignment (expression has type "float", target has type "int")  [assignment]
campro/optimization/solvers/ipopt_solver.py:887: error: Incompatible types in assignment (expression has type "float", target has type "int")  [assignment]
campro/optimization/solvers/ipopt_solver.py:891: error: Incompatible types in assignment (expression has type "str", target has type "int")  [assignment]
campro/optimization/solvers/ipopt_solver.py:901: error: Incompatible types in assignment (expression has type "str", target has type "int")  [assignment]
campro/optimization/solvers/ipopt_solver.py:904: error: Incompatible types in assignment (expression has type "str", target has type "int")  [assignment]
campro/optimization/solvers/ipopt_solver.py:907: error: Incompatible types in assignment (expression has type "str", target has type "int")  [assignment]
campro/optimization/solvers/ipopt_solver.py:908: error: Incompatible types in assignment (expression has type "float", target has type "int")  [assignment]
campro/optimization/solvers/ipopt_solver.py:909: error: Incompatible types in assignment (expression has type "float", target has type "int")  [assignment]
campro/optimization/solvers/ipopt_solver.py:912: error: Incompatible types in assignment (expression has type "str", target has type "int")  [assignment]
campro/optimization/solvers/ipopt_solver.py:914: error: Incompatible types in assignment (expression has type "str", target has type "int")  [assignment]
campro/optimization/solvers/ipopt_solver.py:917: error: Incompatible types in assignment (expression has type "float", target has type "int")  [assignment]
campro/optimization/solvers/ipopt_solver.py:918: error: Incompatible types in assignment (expression has type "str", target has type "int")  [assignment]
campro/optimization/solvers/ipopt_solver.py:920: error: Incompatible types in assignment (expression has type "float", target has type "int")  [assignment]
campro/optimization/solvers/ipopt_solver.py:924: error: Incompatible types in assignment (expression has type "float", target has type "int")  [assignment]
campro/optimization/solvers/ipopt_solver.py:1010: error: Incompatible return value type (got "floating[Any]", expected "float")  [return-value]
campro/optimization/solvers/ipopt_solver.py:1026: error: Incompatible return value type (got "floating[Any]", expected "float")  [return-value]
campro/optimization/driver.py:28: error: Module "campro.optimization.numerical.collocation" has no attribute "make_grid"  [attr-defined]
campro/optimization/driver.py:288: error: Function is missing a type annotation  [no-untyped-def]
campro/optimization/driver.py:306: error: Function is missing a type annotation  [no-untyped-def]
campro/optimization/driver.py:484: error: Too many values to unpack (2 expected, 3 provided)  [misc]
campro/optimization/driver.py:540: error: Unexpected keyword argument "meta" for "_compute_objective_scaling"  [call-arg]
campro/optimization/driver.py:540: error: Unexpected keyword argument "reporter" for "_compute_objective_scaling"  [call-arg]
campro/optimization/driver.py:1190: error: Function is missing a type annotation  [no-untyped-def]
campro/optimization/driver.py:1342: error: Incompatible return value type (got "Solution", expected "dict[str, Any]")  [return-value]
campro/optimization/driver.py:1425: error: "IPOPTOptions" has no attribute "obj_scaling_factor"  [attr-defined]
campro/optimization/driver.py:1484: error: "IPOPTOptions" has no attribute "ma57_automatic_scaling"  [attr-defined]
campro/optimization/driver.py:1485: error: "IPOPTOptions" has no attribute "ma57_pre_alloc"  [attr-defined]
campro/optimization/driver.py:1486: error: "IPOPTOptions" has no attribute "ma57_pivot_order"  [attr-defined]
campro/optimization/driver.py:1510: error: "IPOPTOptions" has no attribute "acceptable_dual_inf_tol"; maybe "acceptable_tol"?  [attr-defined]
campro/optimization/driver.py:1512: error: "IPOPTOptions" has no attribute "acceptable_dual_inf_tol"; maybe "acceptable_tol"?  [attr-defined]
campro/optimization/driver.py:4641: error: Function is missing a type annotation  [no-untyped-def]
campro/optimization/driver.py:4797: error: Incompatible types in assignment (expression has type "SupportsDunderLT[Any] | SupportsDunderGT[Any]", variable has type "float")  [assignment]
campro/optimization/driver.py:4895: error: Incompatible types in assignment (expression has type "dict[str, Any]", target has type "float")  [assignment]
campro/optimization/driver.py:5811: note: "_compute_objective_scaling" defined here
campro/optimization/driver.py:6384: error: "dict[str, Any]" has no attribute "success"  [attr-defined]
campro/optimization/driver.py:6388: error: "dict[str, Any]" has no attribute "meta"  [attr-defined]
campro/optimization/driver.py:6389: error: "dict[str, Any]" has no attribute "meta"  [attr-defined]
campro/optimization/driver.py:6390: error: Incompatible return value type (got "dict[str, Any]", expected "Solution")  [return-value]
campro/optimization/driver.py:6393: error: Incompatible return value type (got "dict[str, Any]", expected "Solution")  [return-value]
campro/optimization/driver.py:6658: error: Name "_compute_objective_scaling" already defined on line 5811  [no-redef]
campro/optimization/numerical/motion.py:56: error: Function is missing a type annotation for one or more arguments  [no-untyped-def]
campro/optimization/numerical/motion.py:112: error: Function is missing a type annotation  [no-untyped-def]
campro/optimization/numerical/motion.py:155: error: Item "MotionConstraints" of "MotionConstraints | CamMotionConstraints" has no attribute "objective_type"  [union-attr]
campro/optimization/numerical/motion.py:155: error: Item "CamMotionConstraints" of "MotionConstraints | CamMotionConstraints" has no attribute "objective_type"  [union-attr]
campro/optimization/numerical/motion.py:212: error: Argument 3 to "optimize" of "MotionOptimizer" has incompatible type "**dict[str, object]"; expected "dict[str, ndarray[Any, dtype[floating[_64Bit]]]] | None"  [arg-type]
campro/optimization/numerical/motion.py:259: error: Argument 3 to "optimize" of "MotionOptimizer" has incompatible type "**dict[str, object]"; expected "dict[str, ndarray[Any, dtype[floating[_64Bit]]]] | None"  [arg-type]
campro/optimization/numerical/motion.py:308: error: Argument 3 to "optimize" of "MotionOptimizer" has incompatible type "**dict[str, object]"; expected "dict[str, ndarray[Any, dtype[floating[_64Bit]]]] | None"  [arg-type]
campro/optimization/numerical/motion.py:310: error: Function is missing a type annotation for one or more arguments  [no-untyped-def]
campro/optimization/adapters/freepiston_phase1_adapter.py:71: error: Function is missing a type annotation for one or more arguments  [no-untyped-def]
campro/optimization/adapters/freepiston_phase1_adapter.py:103: error: Function is missing a type annotation for one or more arguments  [no-untyped-def]
campro/optimization/adapters/freepiston_phase1_adapter.py:158: error: Function is missing a type annotation for one or more arguments  [no-untyped-def]
campro/optimization/adapters/freepiston_phase1_adapter.py:329: error: Incompatible types in assignment (expression has type "dict[str, Any]", variable has type "Solution")  [assignment]
campro/optimization/adapters/freepiston_phase1_adapter.py:606: error: Function is missing a type annotation for one or more arguments  [no-untyped-def]
campro/optimization/adapters/freepiston_phase1_adapter.py:935: error: Function is missing a type annotation  [no-untyped-def]
campro/optimization/adapters/freepiston_phase1_adapter.py:1112: error: Need type annotation for "ca_markers_case"  [var-annotated]
campro/optimization/adapters/freepiston_phase1_adapter.py:1122: error: Item "ndarray[Any, Any]" of "ndarray[Any, Any] | float | dict[Any, Any]" has no attribute "items"  [union-attr]
campro/optimization/adapters/freepiston_phase1_adapter.py:1122: error: Item "float" of "ndarray[Any, Any] | float | dict[Any, Any]" has no attribute "items"  [union-attr]
campro/optimization/adapters/freepiston_phase1_adapter.py:1136: error: Item "ndarray[Any, Any]" of "ndarray[Any, Any] | float | dict[Any, Any]" has no attribute "items"  [union-attr]
campro/optimization/adapters/freepiston_phase1_adapter.py:1136: error: Item "float" of "ndarray[Any, Any] | float | dict[Any, Any]" has no attribute "items"  [union-attr]
campro/optimization/adapters/freepiston_phase1_adapter.py:1206: error: Argument 1 to "update" of "MutableMapping" has incompatible type "ndarray[Any, Any] | float"; expected "Iterable[tuple[str, float]]"  [arg-type]
Found 249 errors in 52 files (checked 86 source files)
