scripts/tests/test_rockit.py:3: error: Skipping analyzing "rockit": module is installed, but missing library stubs or py.typed marker  [import-untyped]
scripts/tests/test_rockit.py:11: error: Function is missing a return type annotation  [no-untyped-def]
scripts/tests/test_rockit.py:11: note: Use "-> None" if function does not return a value
scripts/tests/conftest.py:19: error: Function is missing a type annotation  [no-untyped-def]
scripts/tests/conftest.py:30: error: Module has no attribute "_pytest_mode"  [attr-defined]
campro/freepiston/opt/physics_trajectory.py:6: error: Function is missing a type annotation  [no-untyped-def]
campro/freepiston/opt/nlp_legacy.py:6: error: Function is missing a type annotation  [no-untyped-def]
campro/freepiston/opt/nlp_legacy.py:10: error: Function is missing a type annotation  [no-untyped-def]
campro/freepiston/opt/nlp_legacy.py:14: error: Function is missing a type annotation  [no-untyped-def]
scripts/analysis/run_validation_tests.py:13: error: Cannot find implementation or library stub for module named "scripts.phase1_combustion_validation"  [import-not-found]
scripts/analysis/analyze_dead_code.py:7: error: Function is missing a type annotation  [no-untyped-def]
scripts/analysis/analyze_dead_code.py:16: error: Function is missing a type annotation  [no-untyped-def]
scripts/analysis/analyze_dead_code.py:36: error: Function is missing a type annotation  [no-untyped-def]
scripts/analysis/analyze_dead_code.py:43: error: Function is missing a type annotation  [no-untyped-def]
scripts/analysis/analyze_dead_code.py:82: error: Function is missing a return type annotation  [no-untyped-def]
scripts/analysis/analyze_dead_code.py:82: note: Use "-> None" if function does not return a value
campro/utils/structured_reporter.py:203: error: Incompatible return value type (got "_GeneratorContextManager[StructuredReporter, None, None]", expected "Iterator[StructuredReporter]")  [return-value]
campro/utils/archiving.py:20: error: Function is missing a return type annotation  [no-untyped-def]
campro/utils/archiving.py:68: error: Function is missing a return type annotation  [no-untyped-def]
campro/utils/archiving.py:68: note: Use "-> None" if function does not return a value
campro/optimization/ipopt_log_parser.py:99: error: Item "None" of "Match[str] | None" has no attribute "group"  [union-attr]
campro/freepiston/validation/solution_validator.py:98: error: Argument 1 to "len" has incompatible type "object"; expected "Sized"  [arg-type]
campro/freepiston/validation/solution_validator.py:114: error: "object" has no attribute "append"  [attr-defined]
campro/freepiston/validation/physics_validator.py:93: error: Argument 1 to "len" has incompatible type "object"; expected "Sized"  [arg-type]
campro/freepiston/validation/physics_validator.py:111: error: "object" has no attribute "append"  [attr-defined]
campro/freepiston/validation/config_validator.py:15: error: Function is missing a return type annotation  [no-untyped-def]
campro/freepiston/validation/config_validator.py:15: note: Use "-> None" if function does not return a value
campro/freepiston/validation/config_validator.py:103: error: Argument 1 to "len" has incompatible type "object"; expected "Sized"  [arg-type]
campro/freepiston/validation/config_validator.py:104: error: Argument 1 to "len" has incompatible type "object"; expected "Sized"  [arg-type]
campro/freepiston/validation/config_validator.py:105: error: Argument 1 to "len" has incompatible type "object"; expected "Sized"  [arg-type]
campro/freepiston/validation/config_validator.py:121: error: "object" has no attribute "append"  [attr-defined]
campro/freepiston/net1d/flux.py:302: error: Incompatible return value type (got "tuple[float, ...]", expected "tuple[float, float, float]")  [return-value]
campro/freepiston/net1d/flux.py:306: error: Incompatible return value type (got "tuple[float, ...]", expected "tuple[float, float, float]")  [return-value]
campro/freepiston/net1d/flux.py:377: error: Incompatible return value type (got "tuple[float, ...]", expected "tuple[float, float, float]")  [return-value]
campro/freepiston/net1d/flux.py:381: error: Incompatible return value type (got "tuple[float, ...]", expected "tuple[float, float, float]")  [return-value]
campro/freepiston/net1d/flux.py:614: error: Function is missing a return type annotation  [no-untyped-def]
campro/freepiston/net1d/bc.py:280: error: Function is missing a return type annotation  [no-untyped-def]
campro/freepiston/core/xfer.py:285: error: Function is missing a type annotation for one or more arguments  [no-untyped-def]
campro/freepiston/core/thermo.py:45: error: Function is missing a return type annotation  [no-untyped-def]
campro/freepiston/core/thermo.py:45: note: Use "-> None" if function does not return a value
campro/freepiston/core/thermo.py:85: error: "float" has no attribute "a1"  [attr-defined]
campro/freepiston/core/thermo.py:86: error: "float" has no attribute "a2"  [attr-defined]
campro/freepiston/core/thermo.py:87: error: "float" has no attribute "a3"  [attr-defined]
campro/freepiston/core/thermo.py:88: error: "float" has no attribute "a4"  [attr-defined]
campro/freepiston/core/thermo.py:89: error: "float" has no attribute "a5"  [attr-defined]
campro/freepiston/core/piston.py:316: error: Name "A_piston" is not defined  [name-defined]
campro/freepiston/core/piston.py:337: error: Function is missing a return type annotation  [no-untyped-def]
campro/freepiston/core/piston.py:364: error: Too many positional arguments for "clearance_penalty"  [misc]
campro/freepiston/core/losses.py:378: error: Function is missing a return type annotation  [no-untyped-def]
campro/freepiston/core/chem.py:327: error: Too many positional arguments for "heat_release_from_fuel"  [misc]
campro/freepiston/core/chem.py:360: error: Too many positional arguments for "wiebe_heat_release_rate"  [misc]
campro/freepiston/core/chem.py:384: error: Function is missing a return type annotation  [no-untyped-def]
campro/config/parameter_manager.py:61: error: Function is missing a return type annotation  [no-untyped-def]
campro/config/parameter_manager.py:61: note: Use "-> None" if function does not return a value
campro/config/parameter_manager.py:68: error: Function "builtins.callable" is not valid as a type  [valid-type]
campro/config/parameter_manager.py:68: note: Perhaps you meant "typing.Callable" instead of "callable"?
campro/config/parameter_manager.py:71: error: callable? not callable  [misc]
scripts/tests/test_ipopt_log_parser.py:41: error: Function is missing a return type annotation  [no-untyped-def]
scripts/tests/test_ipopt_log_parser.py:41: note: Use "-> None" if function does not return a value
campro/optimization/strategies/__init__.py:9: error: Cannot find implementation or library stub for module named "campro.optimization.strategies.geometry_strategy"  [import-not-found]
campro/optimization/strategies/__init__.py:9: note: See https://mypy.readthedocs.io/en/stable/running_mypy.html#missing-imports
campro/optimization/strategies/__init__.py:10: error: Cannot find implementation or library stub for module named "campro.optimization.strategies.motion_strategy"  [import-not-found]
campro/optimization/strategies/__init__.py:11: error: Cannot find implementation or library stub for module named "campro.optimization.strategies.multi_objective"  [import-not-found]
campro/freepiston/zerod/cv.py:132: error: "object" has no attribute "get"  [attr-defined]
campro/freepiston/zerod/cv.py:133: error: "object" has no attribute "get"  [attr-defined]
campro/freepiston/zerod/cv.py:147: error: "float" has no attribute "get"  [attr-defined]
campro/freepiston/zerod/cv.py:148: error: "float" has no attribute "get"  [attr-defined]
campro/freepiston/zerod/cv.py:149: error: "float" has no attribute "get"  [attr-defined]
campro/freepiston/zerod/cv.py:150: error: "float" has no attribute "get"  [attr-defined]
campro/freepiston/zerod/cv.py:168: error: "object" has no attribute "get"  [attr-defined]
campro/freepiston/zerod/cv.py:169: error: "object" has no attribute "get"  [attr-defined]
campro/freepiston/zerod/cv.py:172: error: "object" has no attribute "get"  [attr-defined]
campro/freepiston/zerod/cv.py:173: error: "object" has no attribute "get"  [attr-defined]
campro/freepiston/zerod/cv.py:176: error: Unsupported right operand type for in ("object")  [operator]
campro/freepiston/zerod/cv.py:177: error: "object" has no attribute "get"  [attr-defined]
campro/freepiston/zerod/cv.py:178: error: "object" has no attribute "get"  [attr-defined]
campro/freepiston/zerod/cv.py:182: error: "object" has no attribute "get"  [attr-defined]
campro/freepiston/zerod/cv.py:183: error: "object" has no attribute "get"  [attr-defined]
campro/freepiston/zerod/cv.py:184: error: "object" has no attribute "get"  [attr-defined]
campro/freepiston/zerod/cv.py:185: error: "object" has no attribute "get"  [attr-defined]
campro/freepiston/zerod/cv.py:198: error: "object" has no attribute "get"  [attr-defined]
campro/freepiston/zerod/cv.py:199: error: "object" has no attribute "get"  [attr-defined]
campro/freepiston/zerod/cv.py:204: error: "object" has no attribute "get"  [attr-defined]
campro/freepiston/zerod/cv.py:205: error: "object" has no attribute "get"  [attr-defined]
campro/freepiston/zerod/cv.py:206: error: "object" has no attribute "get"  [attr-defined]
campro/freepiston/zerod/cv.py:207: error: "object" has no attribute "get"  [attr-defined]
campro/freepiston/zerod/cv.py:210: error: "object" has no attribute "get"  [attr-defined]
campro/freepiston/zerod/cv.py:211: error: "object" has no attribute "get"  [attr-defined]
campro/freepiston/zerod/cv.py:250: error: "object" has no attribute "get"  [attr-defined]
campro/freepiston/zerod/cv.py:252: error: "object" has no attribute "get"  [attr-defined]
campro/freepiston/zerod/cv.py:254: error: "object" has no attribute "get"  [attr-defined]
campro/freepiston/zerod/cv.py:280: error: "object" has no attribute "get"  [attr-defined]
campro/freepiston/zerod/cv.py:281: error: "object" has no attribute "get"  [attr-defined]
campro/freepiston/zerod/cv.py:282: error: Unsupported right operand type for in ("object")  [operator]
campro/freepiston/zerod/cv.py:283: error: "object" has no attribute "get"  [attr-defined]
campro/freepiston/zerod/cv.py:290: error: "object" has no attribute "get"  [attr-defined]
scripts/generate_golden_shapes.py:7: error: Function is missing a type annotation  [no-untyped-def]
campro/testing/utils.py:41: error: Too many arguments  [call-arg]
campro/testing/utils.py:66: error: Incompatible types in assignment (expression has type "ndarray[Any, dtype[Any]]", variable has type "list[float]")  [assignment]
campro/testing/utils.py:154: error: Exception must be derived from BaseException  [misc]
campro/storage/base.py:182: error: Incompatible types in assignment (expression has type "float", variable has type "floating[Any]")  [assignment]
campro/physics/thermal_efficiency_simple.py:395: error: Function is missing a type annotation for one or more arguments  [no-untyped-def]
campro/physics/pr_template.py:259: error: No overload variant of "range" matches argument types "SupportsDunderLT[Any] | SupportsDunderGT[Any]", "SupportsDunderLT[Any] | SupportsDunderGT[Any]"  [call-overload]
campro/physics/pr_template.py:259: note: Possible overload variants:
campro/physics/pr_template.py:259: note:     def __new__(cls, SupportsIndex, /) -> range
campro/physics/pr_template.py:259: note:     def __new__(cls, SupportsIndex, SupportsIndex, SupportsIndex = ..., /) -> range
campro/physics/pr_template.py:266: error: No overload variant of "range" matches argument types "SupportsDunderLT[Any] | SupportsDunderGT[Any]", "SupportsDunderLT[Any] | SupportsDunderGT[Any]"  [call-overload]
campro/physics/pr_template.py:266: note: Possible overload variants:
campro/physics/pr_template.py:266: note:     def __new__(cls, SupportsIndex, /) -> range
campro/physics/pr_template.py:266: note:     def __new__(cls, SupportsIndex, SupportsIndex, SupportsIndex = ..., /) -> range
campro/physics/cam_ring_mapping.py:51: error: Dict entry 4 has incompatible type "str": "str"; expected "str": "float"  [dict-item]
campro/physics/cam_ring_mapping.py:183: error: Function is missing a type annotation for one or more arguments  [no-untyped-def]
campro/physics/cam_ring_mapping.py:265: error: Function is missing a type annotation  [no-untyped-def]
campro/physics/cam_ring_mapping.py:426: error: Name "psi" is not defined  [name-defined]
campro/physics/cam_ring_mapping.py:485: error: Need type annotation for "extra_points" (hint: "extra_points: list[<type>] = ...")  [var-annotated]
campro/physics/base/result.py:46: error: Function is missing a return type annotation  [no-untyped-def]
campro/physics/base/result.py:46: note: Use "-> None" if function does not return a value
campro/physics/base/result.py:64: error: Argument 1 to "len" has incompatible type "list[Any] | None"; expected "Sized"  [arg-type]
campro/physics/base/result.py:68: error: Item "None" of "list[Any] | None" has no attribute "append"  [union-attr]
campro/optimization/warmstart_manager.py:270: error: Incompatible types in assignment (expression has type "floating[Any]", variable has type "float")  [assignment]
campro/optimization/motion_law.py:44: error: Function is missing a return type annotation  [no-untyped-def]
campro/optimization/motion_law.py:44: note: Use "-> None" if function does not return a value
campro/optimization/motion_law.py:128: error: Function is missing a return type annotation  [no-untyped-def]
campro/optimization/motion_law.py:128: note: Use "-> None" if function does not return a value
campro/optimization/grid.py:84: error: Incompatible types in assignment (expression has type "ndarray[Any, dtype[complexfloating[Any, Any]]]", variable has type "ndarray[Any, dtype[floating[Any]]]")  [assignment]
campro/optimization/casadi_problem_spec.py:102: error: Function is missing a return type annotation  [no-untyped-def]
campro/optimization/casadi_problem_spec.py:102: note: Use "-> None" if function does not return a value
campro/optimization/builder.py:105: error: Function is missing a return type annotation  [no-untyped-def]
campro/optimization/builder.py:111: error: Function is missing a return type annotation  [no-untyped-def]
campro/optimization/builder.py:111: note: Use "-> None" if function does not return a value
campro/optimization/builder.py:190: error: Function is missing a return type annotation  [no-untyped-def]
campro/optimization/builder.py:194: error: Function is missing a return type annotation  [no-untyped-def]
campro/optimization/builder.py:200: error: Function is missing a return type annotation  [no-untyped-def]
campro/optimization/builder.py:209: error: Function is missing a return type annotation  [no-untyped-def]
campro/optimization/builder.py:213: error: Function is missing a return type annotation  [no-untyped-def]
campro/optimization/builder.py:213: note: Use "-> None" if function does not return a value
campro/optimization/base.py:112: error: Function is missing a type annotation for one or more arguments  [no-untyped-def]
campro/optimization/base.py:121: error: Function is missing a type annotation for one or more arguments  [no-untyped-def]
campro/optimization/base.py:233: error: Incompatible types in assignment (expression has type "floating[Any]", target has type "float")  [assignment]
campro/optimization/base.py:243: error: Incompatible types in assignment (expression has type "floating[Any]", target has type "float")  [assignment]
campro/litvin/section_analysis.py:330: error: Incompatible return value type (got "dict[str, tuple[signedinteger[_64Bit], signedinteger[_64Bit]]]", expected "dict[str, tuple[int, int]]")  [return-value]
campro/freepiston/opt/thermo_casadi.py:53: error: Function is missing a type annotation  [no-untyped-def]
campro/freepiston/opt/thermo_casadi.py:60: error: Function is missing a type annotation  [no-untyped-def]
campro/freepiston/opt/thermo_casadi.py:67: error: Function is missing a type annotation  [no-untyped-def]
campro/freepiston/opt/thermo_casadi.py:87: error: Function is missing a type annotation  [no-untyped-def]
campro/freepiston/opt/thermo_casadi.py:103: error: Function is missing a return type annotation  [no-untyped-def]
campro/freepiston/opt/thermo_casadi.py:103: error: Function is missing a type annotation for one or more arguments  [no-untyped-def]
campro/freepiston/opt/thermo_casadi.py:136: error: Function is missing a return type annotation  [no-untyped-def]
campro/freepiston/opt/thermo_casadi.py:136: error: Function is missing a type annotation for one or more arguments  [no-untyped-def]
campro/freepiston/opt/thermo_casadi.py:166: error: Function is missing a return type annotation  [no-untyped-def]
campro/freepiston/opt/thermo_casadi.py:166: error: Function is missing a type annotation for one or more arguments  [no-untyped-def]
campro/freepiston/net1d/wall.py:361: error: Dict entry 3 has incompatible type "str": "float"; expected "str": "bool"  [dict-item]
campro/freepiston/net1d/wall.py:448: error: Dict entry 2 has incompatible type "str": "list[float]"; expected "str": "float"  [dict-item]
campro/freepiston/net1d/wall.py:626: error: Function is missing a return type annotation  [no-untyped-def]
campro/freepiston/net1d/interpolation.py:252: error: Incompatible return value type (got "signedinteger[_64Bit]", expected "int")  [return-value]
campro/freepiston/net1d/interpolation.py:424: error: Function "builtins.callable" is not valid as a type  [valid-type]
campro/freepiston/net1d/interpolation.py:424: note: Perhaps you meant "typing.Callable" instead of "callable"?
campro/freepiston/initialization/geometry_solvers.py:23: error: Function is missing a type annotation  [no-untyped-def]
campro/freepiston/initialization/geometry_solvers.py:60: error: Function is missing a type annotation  [no-untyped-def]
campro/freepiston/initialization/geometry_solvers.py:73: error: Function is missing a type annotation  [no-untyped-def]
campro/freepiston/initialization/geometry_solvers.py:80: error: Function is missing a type annotation  [no-untyped-def]
campro/freepiston/initialization/geometry_solvers.py:131: error: Function is missing a type annotation  [no-untyped-def]
campro/freepiston/core/symbolic_geometry.py:35: error: Function is missing a return type annotation  [no-untyped-def]
campro/freepiston/core/symbolic_geometry.py:38: error: Function is missing a type annotation  [no-untyped-def]
campro/freepiston/core/symbolic_geometry.py:119: error: Function is missing a type annotation  [no-untyped-def]
campro/freepiston/core/polar_geometry.py:66: error: Function is missing a return type annotation  [no-untyped-def]
campro/freepiston/core/polar_geometry.py:66: note: Use "-> None" if function does not return a value
campro/freepiston/core/polar_geometry.py:129: error: Function is missing a type annotation  [no-untyped-def]
campro/freepiston/core/polar_geometry.py:169: error: Function is missing a return type annotation  [no-untyped-def]
campro/freepiston/core/polar_geometry.py:169: note: Use "-> None" if function does not return a value
campro/freepiston/core/polar_geometry.py:244: error: "None" not callable  [misc]
campro/freepiston/core/polar_geometry.py:245: error: "None" not callable  [misc]
campro/freepiston/core/polar_geometry.py:246: error: "None" not callable  [misc]
campro/freepiston/core/polar_geometry.py:250: error: Function is missing a return type annotation  [no-untyped-def]
campro/constraints/base.py:53: error: Function is missing a return type annotation  [no-untyped-def]
campro/constraints/base.py:53: note: Use "-> None" if function does not return a value
campro/constraints/base.py:66: error: Function is missing a return type annotation  [no-untyped-def]
campro/constraints/base.py:66: note: Use "-> None" if function does not return a value
campro/constraints/base.py:67: note: By default the bodies of untyped functions are not checked, consider using --check-untyped-defs  [annotation-unchecked]
campro/constraints/base.py:68: note: By default the bodies of untyped functions are not checked, consider using --check-untyped-defs  [annotation-unchecked]
scripts/check_geometry.py:13: error: Function is missing a return type annotation  [no-untyped-def]
scripts/check_geometry.py:13: note: Use "-> None" if function does not return a value
scripts/tests/test_litvin_assembly_center_step.py:19: error: Function is missing a return type annotation  [no-untyped-def]
scripts/tests/test_litvin_assembly_center_step.py:19: note: Use "-> None" if function does not return a value
scripts/tests/test_grid_mapper_methods.py:16: error: Function is missing a return type annotation  [no-untyped-def]
scripts/tests/test_grid_mapper_methods.py:16: note: Use "-> None" if function does not return a value
scripts/tests/test_grid_mapper_methods.py:27: error: Function is missing a return type annotation  [no-untyped-def]
scripts/tests/test_grid_mapper_methods.py:27: note: Use "-> None" if function does not return a value
scripts/tests/test_grid_mapper_methods.py:39: error: Function is missing a return type annotation  [no-untyped-def]
scripts/tests/test_grid_mapper_methods.py:39: note: Use "-> None" if function does not return a value
scripts/tests/unit/diagnostics/test_run_metadata.py:6: error: Function is missing a type annotation  [no-untyped-def]
campro/physics/base/model.py:34: error: Function is missing a type annotation for one or more arguments  [no-untyped-def]
campro/physics/base/model.py:43: error: Function is missing a type annotation for one or more arguments  [no-untyped-def]
campro/physics/base/model.py:124: error: "bool" not callable  [operator]
campro/physics/base/model.py:134: error: "PhysicsResult" has no attribute "simulation_time"  [attr-defined]
campro/physics/base/model.py:136: error: "PhysicsResult" has no attribute "simulation_time"  [attr-defined]
campro/optimization/cam_ring_processing.py:20: error: Function is missing a type annotation for one or more arguments  [no-untyped-def]
campro/optimization/cam_ring_processing.py:109: error: Incompatible types in assignment (expression has type "float | ndarray[Any, Any]", variable has type "ndarray[Any, Any]")  [assignment]
campro/optimization/cam_ring_processing.py:110: error: Argument 2 to "convert_per_degree_to_per_second" has incompatible type "ndarray[Any, Any] | float"; expected "float"  [arg-type]
campro/optimization/cam_ring_processing.py:110: error: Argument 3 to "convert_per_degree_to_per_second" has incompatible type "ndarray[Any, Any] | float"; expected "float"  [arg-type]
campro/optimization/cam_ring_processing.py:118: error: Incompatible types in assignment (expression has type "float | ndarray[Any, Any]", variable has type "ndarray[Any, Any]")  [assignment]
campro/optimization/cam_ring_processing.py:119: error: Argument 2 to "convert_per_degree_to_per_second" has incompatible type "ndarray[Any, Any] | float"; expected "float"  [arg-type]
campro/optimization/cam_ring_processing.py:119: error: Argument 3 to "convert_per_degree_to_per_second" has incompatible type "ndarray[Any, Any] | float"; expected "float"  [arg-type]
campro/optimization/cam_ring_processing.py:156: error: Incompatible types in assignment (expression has type "dict[str, bool]", target has type "ndarray[Any, Any]")  [assignment]
campro/optimization/cam_ring_processing.py:172: error: Function is missing a type annotation for one or more arguments  [no-untyped-def]
campro/optimization/cam_ring_processing.py:229: error: Function is missing a type annotation for one or more arguments  [no-untyped-def]
campro/optimization/cam_ring_processing.py:308: error: Incompatible types in assignment (expression has type "float", target has type "ndarray[Any, Any]")  [assignment]
campro/optimization/cam_ring_processing.py:309: error: Incompatible types in assignment (expression has type "int", target has type "ndarray[Any, Any]")  [assignment]
campro/freepiston/opt/shooting.py:8: error: Module "campro.freepiston.opt.physics_trajectory" has no attribute "system_dynamics"  [attr-defined]
campro/freepiston/opt/shooting.py:43: error: Function is missing a return type annotation  [no-untyped-def]
campro/freepiston/opt/shooting.py:54: error: Incompatible types in assignment (expression has type "PolarCamGeometry", variable has type "None")  [assignment]
campro/freepiston/opt/shooting.py:71: error: Function is missing a type annotation  [no-untyped-def]
campro/freepiston/opt/shooting.py:115: error: Function is missing a return type annotation  [no-untyped-def]
campro/freepiston/opt/shooting.py:125: error: Function is missing a type annotation  [no-untyped-def]
campro/freepiston/opt/shooting.py:170: error: "None" has no attribute "get_kinematics"  [attr-defined]
campro/freepiston/opt/nlp.py:133: error: Function is missing a type annotation  [no-untyped-def]
campro/freepiston/opt/nlp.py:182: error: Function is missing a type annotation  [no-untyped-def]
campro/freepiston/net1d/stepper.py:743: error: Need type annotation for "history" (hint: "history: dict[<type>, <type>] = ...")  [var-annotated]
campro/freepiston/net1d/stepper.py:1161: error: Argument 1 to "primitive_from_conservative" has incompatible type "ndarray[Any, Any]"; expected "tuple[float, float, float]"  [arg-type]
campro/freepiston/net1d/stepper.py:1161: error: "TimeStepParameters" has no attribute "get"  [attr-defined]
campro/freepiston/net1d/stepper.py:1164: error: Argument 1 to "primitive_from_conservative" has incompatible type "ndarray[Any, Any]"; expected "tuple[float, float, float]"  [arg-type]
campro/freepiston/net1d/stepper.py:1164: error: "TimeStepParameters" has no attribute "get"  [attr-defined]
campro/freepiston/net1d/stepper.py:1168: error: Argument 1 to "hllc_flux" has incompatible type "ndarray[Any, Any]"; expected "tuple[float, float, float]"  [arg-type]
campro/freepiston/net1d/stepper.py:1168: error: Argument 2 to "hllc_flux" has incompatible type "ndarray[Any, Any]"; expected "tuple[float, float, float]"  [arg-type]
campro/freepiston/net1d/stepper.py:1168: error: "TimeStepParameters" has no attribute "get"  [attr-defined]
campro/freepiston/net1d/stepper.py:1290: error: Argument 1 to "primitive_from_conservative" has incompatible type "ndarray[Any, Any]"; expected "tuple[float, float, float]"  [arg-type]
campro/freepiston/net1d/stepper.py:1290: error: "TimeStepParameters" has no attribute "get"  [attr-defined]
campro/freepiston/net1d/stepper.py:1300: error: Argument 1 to "primitive_from_conservative" has incompatible type "ndarray[Any, Any]"; expected "tuple[float, float, float]"  [arg-type]
campro/freepiston/net1d/stepper.py:1300: error: "TimeStepParameters" has no attribute "get"  [attr-defined]
campro/freepiston/net1d/stepper.py:1304: error: "TimeStepParameters" has no attribute "get"  [attr-defined]
campro/freepiston/net1d/mesh.py:37: error: Incompatible types in assignment (expression has type "None", variable has type "dict[str, Any]")  [assignment]
campro/freepiston/net1d/mesh.py:59: error: Incompatible types in assignment (expression has type "None", variable has type "dict[str, Any]")  [assignment]
campro/freepiston/net1d/mesh.py:83: error: Incompatible types in assignment (expression has type "None", variable has type "dict[str, float]")  [assignment]
campro/freepiston/net1d/mesh.py:84: error: Incompatible types in assignment (expression has type "None", variable has type "dict[str, float]")  [assignment]
campro/freepiston/net1d/mesh.py:85: error: Incompatible types in assignment (expression has type "None", variable has type "ndarray[Any, Any]")  [assignment]
campro/freepiston/net1d/mesh.py:86: error: Incompatible types in assignment (expression has type "None", variable has type "ndarray[Any, Any]")  [assignment]
campro/freepiston/net1d/mesh.py:90: error: Incompatible types in assignment (expression has type "None", variable has type "dict[str, Any]")  [assignment]
campro/freepiston/net1d/mesh.py:169: error: Value of type "ndarray[Any, Any] | None" is not indexable  [index]
campro/freepiston/net1d/mesh.py:172: error: Value of type "ndarray[Any, Any] | None" is not indexable  [index]
campro/freepiston/net1d/mesh.py:172: error: Unsupported target for indexed assignment ("ndarray[Any, Any] | None")  [index]
campro/freepiston/net1d/mesh.py:176: error: Value of type "ndarray[Any, Any] | None" is not indexable  [index]
campro/freepiston/net1d/mesh.py:184: error: Unsupported target for indexed assignment ("ndarray[Any, Any] | None")  [index]
campro/freepiston/net1d/mesh.py:199: error: Value of type "ndarray[Any, Any] | None" is not indexable  [index]
campro/freepiston/net1d/mesh.py:697: error: Function "builtins.callable" is not valid as a type  [valid-type]
campro/freepiston/net1d/mesh.py:697: note: Perhaps you meant "typing.Callable" instead of "callable"?
campro/constraints/motion.py:64: error: Function is missing a return type annotation  [no-untyped-def]
campro/constraints/motion.py:64: note: Use "-> None" if function does not return a value
campro/constraints/motion.py:69: error: Function is missing a return type annotation  [no-untyped-def]
campro/constraints/motion.py:69: note: Use "-> None" if function does not return a value
campro/constraints/motion.py:174: error: Argument 2 to "_check_bounds" of "BaseConstraints" has incompatible type "tuple[float, float] | None"; expected "tuple[float, float]"  [arg-type]
campro/constraints/motion.py:183: error: Argument 2 to "_check_bounds" of "BaseConstraints" has incompatible type "tuple[float, float] | None"; expected "tuple[float, float]"  [arg-type]
campro/constraints/motion.py:192: error: Argument 2 to "_check_bounds" of "BaseConstraints" has incompatible type "tuple[float, float] | None"; expected "tuple[float, float]"  [arg-type]
campro/constraints/motion.py:201: error: Argument 2 to "_check_bounds" of "BaseConstraints" has incompatible type "tuple[float, float] | None"; expected "tuple[float, float]"  [arg-type]
campro/constraints/motion.py:211: error: Argument 2 to "_check_bounds" of "BaseConstraints" has incompatible type "tuple[float, float] | None"; expected "tuple[float, float]"  [arg-type]
campro/constraints/motion.py:290: error: Function "builtins.any" is not valid as a type  [valid-type]
campro/constraints/motion.py:290: note: Perhaps you meant "typing.Any" instead of "any"?
campro/constraints/motion.py:307: error: Function "builtins.any" is not valid as a type  [valid-type]
campro/constraints/motion.py:307: note: Perhaps you meant "typing.Any" instead of "any"?
scripts/verification/verify_profiles.py:4: error: Function is missing a return type annotation  [no-untyped-def]
scripts/verification/verify_profiles.py:4: note: Use "-> None" if function does not return a value
scripts/tests/test_error_recovery.py:28: error: Function is missing a type annotation  [no-untyped-def]
scripts/tests/test_error_recovery.py:35: error: Function is missing a return type annotation  [no-untyped-def]
scripts/tests/test_error_recovery.py:35: note: Use "-> None" if function does not return a value
scripts/tests/test_error_recovery.py:42: error: Function is missing a return type annotation  [no-untyped-def]
scripts/tests/test_error_recovery.py:42: note: Use "-> None" if function does not return a value
scripts/tests/test_error_recovery.py:48: error: Function is missing a return type annotation  [no-untyped-def]
scripts/tests/test_error_recovery.py:48: note: Use "-> None" if function does not return a value
scripts/tests/test_cam_ring_mapping.py:122: error: Function is missing a type annotation for one or more arguments  [no-untyped-def]
scripts/tests/unit/tribology/test_ehl_stub.py:7: error: Function is missing a return type annotation  [no-untyped-def]
scripts/tests/unit/tribology/test_ehl_stub.py:7: note: Use "-> None" if function does not return a value
scripts/tests/unit/tribology/test_ehl_stub.py:12: error: Function is missing a return type annotation  [no-untyped-def]
scripts/tests/unit/tribology/test_ehl_stub.py:12: note: Use "-> None" if function does not return a value
scripts/tests/unit/tca/test_rigid_tca_stub.py:7: error: Function is missing a return type annotation  [no-untyped-def]
scripts/tests/unit/tca/test_rigid_tca_stub.py:7: note: Use "-> None" if function does not return a value
scripts/tests/unit/profiles/test_noncircular_internal_stub.py:7: error: Function is missing a return type annotation  [no-untyped-def]
scripts/tests/unit/profiles/test_noncircular_internal_stub.py:7: note: Use "-> None" if function does not return a value
scripts/tests/quality/test_invariants.py:24: error: Function is missing a type annotation  [no-untyped-def]
scripts/analysis/detect_redundancies.py:20: error: Too many values to unpack (2 expected, 3 provided)  [misc]
scripts/analysis/detect_redundancies.py:106: error: Function is missing a return type annotation  [no-untyped-def]
scripts/analysis/analyze_nlp_structure.py:19: error: Too many values to unpack (2 expected, 3 provided)  [misc]
scripts/analysis/analyze_nlp_structure.py:72: error: Function is missing a return type annotation  [no-untyped-def]
campro/utils/plotting.py:156: error: Function is missing a type annotation for one or more arguments  [no-untyped-def]
campro/utils/plotting.py:195: error: Function is missing a type annotation for one or more arguments  [no-untyped-def]
campro/constraints/cam.py:61: error: Function is missing a return type annotation  [no-untyped-def]
campro/constraints/cam.py:61: note: Use "-> None" if function does not return a value
campro/constraints/cam.py:79: error: Function is missing a return type annotation  [no-untyped-def]
campro/constraints/cam.py:79: note: Use "-> None" if function does not return a value
campro/constraints/cam.py:306: error: Function "builtins.any" is not valid as a type  [valid-type]
campro/constraints/cam.py:306: note: Perhaps you meant "typing.Any" instead of "any"?
campro/constraints/cam.py:320: error: Function "builtins.any" is not valid as a type  [valid-type]
campro/constraints/cam.py:320: note: Perhaps you meant "typing.Any" instead of "any"?
campro/api/adapters.py:104: error: Value expression in dictionary comprehension has incompatible type "float | None"; expected type "float"  [misc]
campro/api/adapters.py:211: error: Value expression in dictionary comprehension has incompatible type "float | None"; expected type "float"  [misc]
campro/environment/hsl_detector.py:380: error: Incompatible types in assignment (expression has type "int", target has type "str")  [assignment]
scripts/verify_hsl_installation.py:16: error: Function is missing a return type annotation  [no-untyped-def]
scripts/verify_hsl_installation.py:29: error: Function is missing a return type annotation  [no-untyped-def]
scripts/verify_hsl_installation.py:117: error: Function is missing a return type annotation  [no-untyped-def]
scripts/verify_hsl_installation.py:186: error: Function is missing a return type annotation  [no-untyped-def]
scripts/tests/unit/api/test_adapters.py:9: error: Function is missing a type annotation  [no-untyped-def]
scripts/tests/unit/api/test_adapters.py:21: error: Function is missing a return type annotation  [no-untyped-def]
scripts/tests/unit/api/test_adapters.py:21: note: Use "-> None" if function does not return a value
campro/physics/mechanics/side_loading.py:67: error: Function is missing a type annotation for one or more arguments  [no-untyped-def]
campro/physics/mechanics/side_loading.py:67: error: Signature of "configure" incompatible with supertype "campro.physics.base.model.BasePhysicsModel"  [override]
campro/physics/mechanics/side_loading.py:67: note:      Superclass:
campro/physics/mechanics/side_loading.py:67: note:          def configure(self, **kwargs: Any) -> None
campro/physics/mechanics/side_loading.py:67: note:      Subclass:
campro/physics/mechanics/side_loading.py:67: note:          def configure(self, piston_geometry: dict[str, float], **kwargs: Any) -> None
campro/physics/mechanics/side_loading.py:99: error: Function is missing a type annotation for one or more arguments  [no-untyped-def]
campro/physics/mechanics/side_loading.py:118: error: "PhysicsResult" has no attribute "simulation_time"  [attr-defined]
campro/physics/mechanics/side_loading.py:301: error: Item "None" of "dict[str, float] | None" has no attribute "copy"  [union-attr]
campro/physics/mechanics/side_loading.py:316: error: Value of type "dict[str, float] | None" is not indexable  [index]
campro/physics/mechanics/side_loading.py:317: error: Value of type "dict[str, float] | None" is not indexable  [index]
campro/physics/mechanics/side_loading.py:318: error: Value of type "dict[str, float] | None" is not indexable  [index]
campro/physics/mechanics/side_loading.py:319: error: Value of type "dict[str, float] | None" is not indexable  [index]
campro/physics/kinematics/meshing_law.py:155: error: Function "builtins.callable" is not valid as a type  [valid-type]
campro/physics/kinematics/meshing_law.py:155: note: Perhaps you meant "typing.Callable" instead of "callable"?
campro/physics/kinematics/meshing_law.py:182: error: Function is missing a type annotation  [no-untyped-def]
campro/physics/kinematics/meshing_law.py:214: error: Function "builtins.callable" is not valid as a type  [valid-type]
campro/physics/kinematics/meshing_law.py:214: note: Perhaps you meant "typing.Callable" instead of "callable"?
campro/physics/kinematics/meshing_law.py:240: error: callable? not callable  [misc]
campro/physics/kinematics/crank_kinematics.py:68: error: Function is missing a type annotation for one or more arguments  [no-untyped-def]
campro/physics/kinematics/crank_kinematics.py:68: error: Signature of "configure" incompatible with supertype "campro.physics.base.model.BasePhysicsModel"  [override]
campro/physics/kinematics/crank_kinematics.py:68: note:      Superclass:
campro/physics/kinematics/crank_kinematics.py:68: note:          def configure(self, **kwargs: Any) -> None
campro/physics/kinematics/crank_kinematics.py:68: note:      Subclass:
campro/physics/kinematics/crank_kinematics.py:68: note:          def configure(self, crank_radius: float, rod_length: float, **kwargs: Any) -> None
campro/physics/kinematics/crank_kinematics.py:90: error: Function is missing a type annotation for one or more arguments  [no-untyped-def]
campro/physics/kinematics/crank_kinematics.py:107: error: "PhysicsResult" has no attribute "simulation_time"  [attr-defined]
campro/physics/kinematics/crank_kinematics.py:355: error: Argument "crank_radius" to "CrankKinematicsResult" has incompatible type "float | None"; expected "float"  [arg-type]
campro/physics/kinematics/crank_kinematics.py:356: error: Argument "rod_length" to "CrankKinematicsResult" has incompatible type "float | None"; expected "float"  [arg-type]
campro/physics/casadi/litvin.py:265: error: Function is missing a type annotation  [no-untyped-def]
campro/physics/casadi/litvin.py:411: error: Function is missing a type annotation  [no-untyped-def]
campro/optimization/casadi_motion_optimizer.py:54: error: Incompatible types in assignment (expression has type "None", variable has type "dict[str, float]")  [assignment]
campro/optimization/casadi_motion_optimizer.py:56: error: Function is missing a return type annotation  [no-untyped-def]
campro/optimization/casadi_motion_optimizer.py:56: note: Use "-> None" if function does not return a value
campro/optimization/casadi_motion_optimizer.py:125: error: Name "Opti" is not defined  [name-defined]
campro/optimization/casadi_motion_optimizer.py:147: error: Function is missing a type annotation for one or more arguments  [no-untyped-def]
campro/optimization/casadi_motion_optimizer.py:190: error: Name "Opti" is not defined  [name-defined]
campro/optimization/casadi_motion_optimizer.py:642: error: Name "fabs" is not defined  [name-defined]
campro/optimization/casadi_motion_optimizer.py:740: error: Name "fmax" is not defined  [name-defined]
campro/optimization/casadi_motion_optimizer.py:745: error: Name "fmax" is not defined  [name-defined]
campro/optimization/casadi_motion_optimizer.py:786: error: Name "sum1" is not defined  [name-defined]
campro/optimization/casadi_motion_optimizer.py:939: error: Function is missing a type annotation for one or more arguments  [no-untyped-def]
campro/optimization/casadi_motion_optimizer.py:939: error: Signature of "optimize" incompatible with supertype "campro.optimization.base.BaseOptimizer"  [override]
campro/optimization/casadi_motion_optimizer.py:939: note:      Superclass:
campro/optimization/casadi_motion_optimizer.py:939: note:          def optimize(self, objective: Callable[..., Any], constraints: Any, initial_guess: dict[str, ndarray[Any, Any]] | None = ..., **kwargs: Any) -> OptimizationResult
campro/optimization/casadi_motion_optimizer.py:939: note:      Subclass:
campro/optimization/casadi_motion_optimizer.py:939: note:          def optimize(self, constraints: Any, targets: Any, **kwargs: Any) -> OptimizationResult
campro/freepiston/physics/casadi_1d.py:25: error: Function is missing a type annotation  [no-untyped-def]
campro/freepiston/physics/casadi_1d.py:30: error: Function is missing a type annotation  [no-untyped-def]
campro/freepiston/physics/casadi_1d.py:96: error: Function is missing a type annotation  [no-untyped-def]
campro/freepiston/physics/casadi_1d.py:151: error: Function is missing a type annotation  [no-untyped-def]
campro/freepiston/physics/casadi_1d.py:301: error: Incompatible default for argument "viscosity_cfg" (default has type "None", argument has type "dict[Any, Any]")  [assignment]
campro/freepiston/physics/casadi_1d.py:301: note: PEP 484 prohibits implicit Optional. Accordingly, mypy has changed its default to no_implicit_optional=True
campro/freepiston/physics/casadi_1d.py:301: note: Use https://github.com/hauntsaninja/no_implicit_optional to automatically upgrade your codebase
campro/freepiston/physics/casadi_0d.py:119: error: Function is missing a type annotation  [no-untyped-def]
campro/freepiston/opt/obj.py:95: error: Too many positional arguments for "indicated_work_trapezoidal"  [misc]
campro/freepiston/opt/obj.py:159: error: Too many positional arguments for "indicated_work_simpson"  [misc]
campro/freepiston/opt/obj.py:195: error: Too many positional arguments for "indicated_work_trapezoidal"  [misc]
campro/freepiston/opt/obj.py:197: error: Too many positional arguments for "indicated_work_simpson"  [misc]
campro/freepiston/opt/obj.py:199: error: Too many positional arguments for "indicated_work_gauss"  [misc]
campro/freepiston/opt/obj.py:451: error: Name "Any" is not defined  [name-defined]
campro/freepiston/opt/obj.py:451: note: Did you forget to import it from "typing"? (Suggestion: "from typing import Any")
campro/freepiston/opt/obj.py:452: error: Name "Any" is not defined  [name-defined]
campro/freepiston/opt/obj.py:452: note: Did you forget to import it from "typing"? (Suggestion: "from typing import Any")
campro/freepiston/opt/obj.py:455: error: Name "Any" is not defined  [name-defined]
campro/freepiston/opt/obj.py:455: note: Did you forget to import it from "typing"? (Suggestion: "from typing import Any")
campro/freepiston/opt/obj.py:462: error: Name "_import_casadi" is not defined  [name-defined]
campro/freepiston/opt/obj.py:506: error: Name "Any" is not defined  [name-defined]
campro/freepiston/opt/obj.py:506: note: Did you forget to import it from "typing"? (Suggestion: "from typing import Any")
campro/freepiston/opt/obj.py:507: error: Name "Any" is not defined  [name-defined]
campro/freepiston/opt/obj.py:507: note: Did you forget to import it from "typing"? (Suggestion: "from typing import Any")
campro/freepiston/opt/obj.py:510: error: Name "Any" is not defined  [name-defined]
campro/freepiston/opt/obj.py:510: note: Did you forget to import it from "typing"? (Suggestion: "from typing import Any")
campro/freepiston/opt/obj.py:523: error: Name "_import_casadi" is not defined  [name-defined]
campro/freepiston/opt/obj.py:557: error: Name "Any" is not defined  [name-defined]
campro/freepiston/opt/obj.py:557: note: Did you forget to import it from "typing"? (Suggestion: "from typing import Any")
campro/freepiston/opt/obj.py:559: error: Name "_import_casadi" is not defined  [name-defined]
campro/freepiston/opt/obj.py:570: error: Name "Any" is not defined  [name-defined]
campro/freepiston/opt/obj.py:570: note: Did you forget to import it from "typing"? (Suggestion: "from typing import Any")
campro/freepiston/opt/obj.py:572: error: Name "_import_casadi" is not defined  [name-defined]
campro/freepiston/opt/obj.py:583: error: Name "Any" is not defined  [name-defined]
campro/freepiston/opt/obj.py:583: note: Did you forget to import it from "typing"? (Suggestion: "from typing import Any")
campro/freepiston/opt/obj.py:585: error: Name "_import_casadi" is not defined  [name-defined]
campro/freepiston/opt/obj.py:655: error: Incompatible default for argument "target_distribution" (default has type "None", argument has type "list[float]")  [assignment]
campro/freepiston/opt/obj.py:655: note: PEP 484 prohibits implicit Optional. Accordingly, mypy has changed its default to no_implicit_optional=True
campro/freepiston/opt/obj.py:655: note: Use https://github.com/hauntsaninja/no_implicit_optional to automatically upgrade your codebase
campro/freepiston/opt/obj.py:698: error: Function is missing a return type annotation  [no-untyped-def]
campro/freepiston/opt/cons.py:24: error: Function is missing a return type annotation  [no-untyped-def]
campro/environment/validator.py:230: error: Incompatible types in assignment (expression has type "int", target has type "str")  [assignment]
campro/diagnostics/scaling.py:52: error: Incompatible return value type (got "tuple[int | float | ndarray[Any, Any], int | float | ndarray[Any, Any]]", expected "tuple[ndarray[Any, Any], ndarray[Any, Any]]")  [return-value]
campro/diagnostics/scaling.py:62: error: Incompatible types in assignment (expression has type "int | float | ndarray[Any, Any]", target has type "ndarray[Any, Any]")  [assignment]
campro/diagnostics/scaling.py:73: error: Incompatible types in assignment (expression has type "int | float | ndarray[Any, Any]", target has type "ndarray[Any, Any]")  [assignment]
campro/diagnostics/scaling.py:80: error: Function is missing a return type annotation  [no-untyped-def]
campro/diagnostics/scaling.py:89: error: Function is missing a return type annotation  [no-untyped-def]
campro/diagnostics/scaling.py:122: error: Argument 1 to "float" has incompatible type "generic | bool | int | float | complex | str | bytes | memoryview[int]"; expected "str | Buffer | SupportsFloat | SupportsIndex"  [arg-type]
campro/diagnostics/scaling.py:145: error: Argument 1 to "float" has incompatible type "generic | bool | int | float | complex | str | bytes | memoryview[int]"; expected "str | Buffer | SupportsFloat | SupportsIndex"  [arg-type]
campro/diagnostics/scaling.py:154: error: Argument 1 to "float" has incompatible type "generic | bool | int | float | complex | str | bytes | memoryview[int]"; expected "str | Buffer | SupportsFloat | SupportsIndex"  [arg-type]
campro/diagnostics/scaling.py:221: error: Function is missing a return type annotation  [no-untyped-def]
campro/diagnostics/feasibility.py:94: error: Name "log" is not defined  [name-defined]
campro/diagnostics/feasibility.py:172: error: Function is missing a type annotation  [no-untyped-def]
campro/diagnostics/feasibility.py:175: error: Function is missing a type annotation  [no-untyped-def]
campro/diagnostics/feasibility.py:178: error: Function is missing a type annotation  [no-untyped-def]
campro/diagnostics/feasibility.py:181: error: Function is missing a type annotation  [no-untyped-def]
campro/diagnostics/feasibility.py:393: error: Argument "key" to "max" has incompatible type overloaded function; expected "Callable[[str], SupportsDunderLT[Any] | SupportsDunderGT[Any]]"  [arg-type]
scripts/setup_environment.py:55: error: Incompatible types in assignment (expression has type "CompletedProcess[str]", variable has type "CompletedProcess[bytes]")  [assignment]
scripts/setup_environment.py:63: error: If x = b'abc' then f"{x}" or "{}".format(x) produces "b'abc'", not "abc". If this is desired behavior, use f"{x!r}" or "{!r}".format(x). Otherwise, decode the bytes  [str-bytes-safe]
scripts/setup_environment.py:225: error: Function is missing a return type annotation  [no-untyped-def]
scripts/setup_environment.py:225: note: Use "-> None" if function does not return a value
scripts/check_environment.py:118: error: Incompatible types in assignment (expression has type "list[dict[str, Any]]", target has type "dict[str, Any]")  [assignment]
scripts/check_environment.py:190: error: Function is missing a return type annotation  [no-untyped-def]
scripts/check_environment.py:190: note: Use "-> None" if function does not return a value
scripts/check_conda_environment.py:123: error: Incompatible types in assignment (expression has type "str", target has type "bool | None")  [assignment]
scripts/check_conda_environment.py:124: error: Incompatible types in assignment (expression has type "str", target has type "bool | None")  [assignment]
scripts/check_conda_environment.py:127: error: Incompatible types in assignment (expression has type "str", target has type "bool | None")  [assignment]
scripts/check_conda_environment.py:128: error: Incompatible types in assignment (expression has type "_version_info", target has type "bool | None")  [assignment]
scripts/tests/test_solver_selection.py:19: error: Function is missing a return type annotation  [no-untyped-def]
scripts/tests/test_solver_selection.py:19: note: Use "-> None" if function does not return a value
scripts/tests/test_solver_selection.py:34: error: Function is missing a return type annotation  [no-untyped-def]
scripts/tests/test_solver_selection.py:34: note: Use "-> None" if function does not return a value
scripts/tests/test_environment_validation.py:30: error: Function is missing a return type annotation  [no-untyped-def]
scripts/tests/test_environment_validation.py:30: note: Use "-> None" if function does not return a value
scripts/tests/test_environment_validation.py:46: error: Function is missing a return type annotation  [no-untyped-def]
scripts/tests/test_environment_validation.py:46: note: Use "-> None" if function does not return a value
scripts/tests/test_environment_validation.py:63: error: Function is missing a return type annotation  [no-untyped-def]
scripts/tests/test_environment_validation.py:63: note: Use "-> None" if function does not return a value
scripts/tests/test_environment_validation.py:72: error: Function is missing a return type annotation  [no-untyped-def]
scripts/tests/test_environment_validation.py:72: note: Use "-> None" if function does not return a value
scripts/tests/test_environment_validation.py:83: error: Function is missing a return type annotation  [no-untyped-def]
scripts/tests/test_environment_validation.py:83: note: Use "-> None" if function does not return a value
scripts/tests/test_environment_validation.py:96: error: Function is missing a type annotation  [no-untyped-def]
scripts/tests/test_environment_validation.py:111: error: Function is missing a type annotation  [no-untyped-def]
scripts/tests/test_environment_validation.py:127: error: Function is missing a type annotation  [no-untyped-def]
scripts/tests/test_environment_validation.py:143: error: Function is missing a type annotation  [no-untyped-def]
scripts/tests/test_environment_validation.py:157: error: Function is missing a return type annotation  [no-untyped-def]
scripts/tests/test_environment_validation.py:166: error: Function is missing a type annotation  [no-untyped-def]
scripts/tests/test_environment_validation.py:183: error: Function is missing a return type annotation  [no-untyped-def]
scripts/tests/test_environment_validation.py:186: error: Function is missing a type annotation  [no-untyped-def]
scripts/tests/test_environment_validation.py:215: error: Function is missing a return type annotation  [no-untyped-def]
scripts/tests/test_environment_validation.py:220: error: Function is missing a type annotation  [no-untyped-def]
scripts/tests/test_environment_validation.py:254: error: Function is missing a type annotation  [no-untyped-def]
scripts/tests/test_environment_validation.py:313: error: Function is missing a type annotation  [no-untyped-def]
scripts/tests/test_environment_validation.py:364: error: Function is missing a return type annotation  [no-untyped-def]
scripts/tests/test_environment_validation.py:364: note: Use "-> None" if function does not return a value
scripts/tests/test_environment_validation.py:378: error: Function is missing a return type annotation  [no-untyped-def]
scripts/tests/test_environment_validation.py:378: note: Use "-> None" if function does not return a value
scripts/tests/test_environment_validation.py:389: error: Function is missing a return type annotation  [no-untyped-def]
scripts/tests/test_environment_validation.py:389: note: Use "-> None" if function does not return a value
scripts/tests/test_environment_validation.py:410: error: Function is missing a return type annotation  [no-untyped-def]
scripts/tests/test_environment_validation.py:420: error: Function is missing a type annotation  [no-untyped-def]
scripts/tests/test_environment_validation.py:457: error: Function is missing a type annotation  [no-untyped-def]
scripts/tests/unit/diagnostics/test_scaling.py:10: error: Function is missing a return type annotation  [no-untyped-def]
scripts/tests/unit/diagnostics/test_scaling.py:10: note: Use "-> None" if function does not return a value
scripts/tests/unit/diagnostics/test_scaling.py:16: error: Function is missing a return type annotation  [no-untyped-def]
scripts/tests/unit/diagnostics/test_scaling.py:16: note: Use "-> None" if function does not return a value
scripts/tests/unit/diagnostics/test_feasibility_smoke.py:4: error: Function is missing a return type annotation  [no-untyped-def]
scripts/tests/unit/diagnostics/test_feasibility_smoke.py:16: error: Function is missing a return type annotation  [no-untyped-def]
scripts/tests/unit/diagnostics/test_feasibility_smoke.py:16: note: Use "-> None" if function does not return a value
scripts/tests/unit/diagnostics/test_feasibility_smoke.py:39: error: Function is missing a type annotation  [no-untyped-def]
scripts/tests/unit/diagnostics/test_feasibility.py:15: error: Function is missing a return type annotation  [no-untyped-def]
scripts/tests/unit/diagnostics/test_feasibility.py:15: note: Use "-> None" if function does not return a value
campro/physics/simple_cycle_adapter.py:287: error: Value of type "tuple[float, float] | None" is not indexable  [index]
campro/physics/simple_cycle_adapter.py:288: error: Value of type "tuple[float, float] | None" is not indexable  [index]
campro/physics/simple_cycle_adapter.py:321: error: Incompatible types in assignment (expression has type "list[int]", variable has type "range")  [assignment]
campro/physics/casadi/torque.py:212: error: Function is missing a type annotation  [no-untyped-def]
campro/optimization/parameter_tuning.py:27: error: Function is missing a return type annotation  [no-untyped-def]
campro/optimization/parameter_tuning.py:27: note: Use "-> None" if function does not return a value
campro/optimization/parameter_tuning.py:97: error: Incompatible types in assignment (expression has type "float", variable has type "int")  [assignment]
campro/optimization/parameter_tuning.py:103: error: Incompatible types in assignment (expression has type "float", variable has type "int")  [assignment]
campro/optimization/casadi_unified_flow.py:62: error: Incompatible types in assignment (expression has type "None", variable has type "dict[str, Any]")  [assignment]
campro/optimization/casadi_unified_flow.py:64: error: Function is missing a return type annotation  [no-untyped-def]
campro/optimization/casadi_unified_flow.py:64: note: Use "-> None" if function does not return a value
campro/optimization/casadi_unified_flow.py:145: error: Function is missing a type annotation for one or more arguments  [no-untyped-def]
campro/optimization/casadi_unified_flow.py:497: error: Incompatible types in assignment (expression has type "tuple[int, ...]", variable has type "tuple[int]")  [assignment]
campro/optimization/casadi_unified_flow.py:500: error: Incompatible types in assignment (expression has type "tuple[int, ...]", variable has type "tuple[int]")  [assignment]
campro/optimization/casadi_unified_flow.py:502: error: Incompatible types in assignment (expression has type "tuple[int, ...]", variable has type "tuple[int]")  [assignment]
campro/optimization/casadi_unified_flow.py:789: error: Function is missing a type annotation for one or more arguments  [no-untyped-def]
campro/optimization/casadi_unified_flow.py:827: error: Function is missing a type annotation for one or more arguments  [no-untyped-def]
campro/freepiston/opt/thermo_solvers.py:56: error: Function is missing a type annotation  [no-untyped-def]
campro/freepiston/opt/thermo_solvers.py:67: error: Function is missing a type annotation  [no-untyped-def]
campro/freepiston/initialization/thermo_solvers.py:26: error: Function is missing a type annotation  [no-untyped-def]
campro/freepiston/initialization/thermo_solvers.py:63: error: Function is missing a type annotation  [no-untyped-def]
campro/freepiston/initialization/thermo_solvers.py:93: error: Function is missing a type annotation  [no-untyped-def]
campro/freepiston/initialization/thermo_solvers.py:150: error: Function is missing a type annotation  [no-untyped-def]
campro/freepiston/initialization/thermo_solvers.py:208: error: Function is missing a type annotation  [no-untyped-def]
campro/freepiston/initialization/thermo_solvers.py:382: error: Incompatible types in assignment (expression has type "ndarray[Any, dtype[Any]]", variable has type "list[ndarray[Any, dtype[Any]]]")  [assignment]
campro/freepiston/initialization/thermo_solvers.py:390: error: No overload variant of "__getitem__" of "list" matches argument type "tuple[slice[None, None, None], slice[int, Any, None]]"  [call-overload]
campro/freepiston/initialization/thermo_solvers.py:390: note: Possible overload variants:
campro/freepiston/initialization/thermo_solvers.py:390: note:     def __getitem__(self, SupportsIndex, /) -> ndarray[Any, dtype[Any]]
campro/freepiston/initialization/thermo_solvers.py:390: note:     def __getitem__(self, slice[Any, Any, Any], /) -> list[ndarray[Any, dtype[Any]]]
campro/freepiston/initialization/thermo_solvers.py:391: error: No overload variant of "__getitem__" of "list" matches argument type "tuple[slice[None, None, None], slice[Any, Any, None]]"  [call-overload]
campro/freepiston/initialization/thermo_solvers.py:391: note: Possible overload variants:
campro/freepiston/initialization/thermo_solvers.py:391: note:     def __getitem__(self, SupportsIndex, /) -> ndarray[Any, dtype[Any]]
campro/freepiston/initialization/thermo_solvers.py:391: note:     def __getitem__(self, slice[Any, Any, Any], /) -> list[ndarray[Any, dtype[Any]]]
campro/freepiston/initialization/thermo_solvers.py:392: error: No overload variant of "__getitem__" of "list" matches argument type "tuple[slice[None, None, None], slice[Any, Any, None]]"  [call-overload]
campro/freepiston/initialization/thermo_solvers.py:392: note: Possible overload variants:
campro/freepiston/initialization/thermo_solvers.py:392: note:     def __getitem__(self, SupportsIndex, /) -> ndarray[Any, dtype[Any]]
campro/freepiston/initialization/thermo_solvers.py:392: note:     def __getitem__(self, slice[Any, Any, Any], /) -> list[ndarray[Any, dtype[Any]]]
campro/freepiston/initialization/thermo_solvers.py:393: error: No overload variant of "__getitem__" of "list" matches argument type "tuple[slice[None, None, None], int]"  [call-overload]
campro/freepiston/initialization/thermo_solvers.py:393: note: Possible overload variants:
campro/freepiston/initialization/thermo_solvers.py:393: note:     def __getitem__(self, SupportsIndex, /) -> ndarray[Any, dtype[Any]]
campro/freepiston/initialization/thermo_solvers.py:393: note:     def __getitem__(self, slice[Any, Any, Any], /) -> list[ndarray[Any, dtype[Any]]]
campro/freepiston/initialization/thermo_solvers.py:402: error: Function is missing a type annotation  [no-untyped-def]
campro/freepiston/initialization/thermo_solvers.py:409: error: Function is missing a type annotation  [no-untyped-def]
campro/freepiston/initialization/thermo_solvers.py:420: error: Function is missing a type annotation  [no-untyped-def]
examples/canonical_collocation.py:20: error: Function is missing a return type annotation  [no-untyped-def]
examples/canonical_collocation.py:33: error: Function is missing a type annotation  [no-untyped-def]
scripts/plot_planet_ring_results.py:7: error: Function is missing a type annotation  [no-untyped-def]
scripts/plot_planet_ring_results.py:55: error: Function is missing a type annotation  [no-untyped-def]
scripts/plot_planet_ring_results.py:102: error: Function is missing a type annotation  [no-untyped-def]
scripts/plot_planet_ring_results.py:188: error: Function is missing a type annotation  [no-untyped-def]
scripts/tests/test_litvin_gear_geometry.py:20: error: Function is missing a return type annotation  [no-untyped-def]
scripts/tests/test_litvin_gear_geometry.py:34: error: Function is missing a return type annotation  [no-untyped-def]
scripts/tests/test_litvin_gear_geometry.py:34: note: Use "-> None" if function does not return a value
scripts/tests/test_litvin_gear_geometry.py:68: error: Function is missing a return type annotation  [no-untyped-def]
scripts/tests/test_litvin_flanks.py:16: error: Function is missing a return type annotation  [no-untyped-def]
scripts/tests/test_litvin_flanks.py:24: error: Function is missing a return type annotation  [no-untyped-def]
scripts/tests/test_litvin_flanks.py:24: note: Use "-> None" if function does not return a value
campro/physics/mechanics/torque_analysis.py:66: error: Function is missing a type annotation for one or more arguments  [no-untyped-def]
campro/physics/mechanics/torque_analysis.py:66: error: Signature of "configure" incompatible with supertype "campro.physics.base.model.BasePhysicsModel"  [override]
campro/physics/mechanics/torque_analysis.py:66: note:      Superclass:
campro/physics/mechanics/torque_analysis.py:66: note:          def configure(self, **kwargs: Any) -> None
campro/physics/mechanics/torque_analysis.py:66: note:      Subclass:
campro/physics/mechanics/torque_analysis.py:66: note:          def configure(self, crank_radius: float, rod_length: float, gear_geometry: LitvinGearGeometry, **kwargs: Any) -> None
campro/physics/mechanics/torque_analysis.py:98: error: Function is missing a type annotation for one or more arguments  [no-untyped-def]
campro/physics/mechanics/torque_analysis.py:115: error: "PhysicsResult" has no attribute "simulation_time"  [attr-defined]
campro/physics/mechanics/torque_analysis.py:243: error: Incompatible return value type (got "floating[Any]", expected "float")  [return-value]
campro/physics/mechanics/torque_analysis.py:287: error: Argument "cycle_average_torque" to "TorqueAnalysisResult" has incompatible type "floating[Any]"; expected "float"  [arg-type]
campro/physics/mechanics/torque_analysis.py:292: error: Argument "crank_radius" to "TorqueAnalysisResult" has incompatible type "float | None"; expected "float"  [arg-type]
campro/physics/mechanics/torque_analysis.py:293: error: Argument "rod_length" to "TorqueAnalysisResult" has incompatible type "float | None"; expected "float"  [arg-type]
campro/physics/mechanics/torque_analysis.py:294: error: Argument "torque_ripple" to "TorqueAnalysisResult" has incompatible type "floating[Any] | int"; expected "float"  [arg-type]
campro/physics/mechanics/torque_analysis.py:295: error: Argument "power_output" to "TorqueAnalysisResult" has incompatible type "floating[Any | _64Bit]"; expected "float"  [arg-type]
campro/physics/mechanics/torque_analysis.py:327: error: Incompatible return value type (got "float | None", expected "float")  [return-value]
campro/freepiston/initialization/manager.py:99: error: Argument "key" to "sort" of "list" has incompatible type "Callable[[dict[str, object]], object]"; expected "Callable[[dict[str, object]], SupportsDunderLT[Any] | SupportsDunderGT[Any]]"  [arg-type]
campro/freepiston/initialization/manager.py:99: error: Incompatible return value type (got "object", expected "SupportsDunderLT[Any] | SupportsDunderGT[Any]")  [return-value]
campro/freepiston/initialization/manager.py:103: error: Value of type "object" is not indexable  [index]
campro/config/system_builder.py:49: error: Need type annotation for "components" (hint: "components: dict[<type>, <type>] = ...")  [var-annotated]
campro/config/system_builder.py:50: error: Need type annotation for "connections" (hint: "connections: list[<type>] = ...")  [var-annotated]
campro/config/system_builder.py:51: error: Need type annotation for "parameters" (hint: "parameters: dict[<type>, <type>] = ...")  [var-annotated]
campro/config/system_builder.py:252: error: Cannot instantiate abstract class "BaseSystem" with abstract attributes "_validate_system" and "solve"  [abstract]
scripts/tests/test_collocation_builder.py:12: error: Function is missing a return type annotation  [no-untyped-def]
scripts/tests/test_collocation_builder.py:20: error: Function is missing a type annotation  [no-untyped-def]
scripts/tests/test_collocation_builder.py:63: error: Function is missing a return type annotation  [no-untyped-def]
scripts/tests/test_collocation_builder.py:63: note: Use "-> None" if function does not return a value
campro/freepiston/opt/ipopt_solver.py:52: error: Incompatible types in assignment (expression has type "None", variable has type "dict[str, Any]")  [assignment]
campro/freepiston/opt/ipopt_solver.py:103: error: Function is missing a return type annotation  [no-untyped-def]
campro/freepiston/opt/ipopt_solver.py:103: note: Use "-> None" if function does not return a value
campro/freepiston/opt/ipopt_solver.py:230: error: Value of type "ndarray[Any, Any] | None" is not indexable  [index]
campro/freepiston/opt/ipopt_solver.py:231: error: Item "None" of "ndarray[Any, Any] | None" has no attribute "size"  [union-attr]
campro/freepiston/opt/ipopt_solver.py:371: error: Argument "key" to "max" has incompatible type overloaded function; expected "Callable[[str], SupportsDunderLT[Any] | SupportsDunderGT[Any]]"  [arg-type]
campro/freepiston/opt/ipopt_solver.py:907: error: Incompatible types in assignment (expression has type "float", target has type "int")  [assignment]
campro/freepiston/opt/ipopt_solver.py:908: error: Incompatible types in assignment (expression has type "float", target has type "int")  [assignment]
campro/freepiston/opt/ipopt_solver.py:909: error: Incompatible types in assignment (expression has type "float", target has type "int")  [assignment]
campro/freepiston/opt/ipopt_solver.py:916: error: Incompatible types in assignment (expression has type "str", target has type "int")  [assignment]
campro/freepiston/opt/ipopt_solver.py:917: error: Incompatible types in assignment (expression has type "float", target has type "int")  [assignment]
campro/freepiston/opt/ipopt_solver.py:918: error: Incompatible types in assignment (expression has type "float", target has type "int")  [assignment]
campro/freepiston/opt/ipopt_solver.py:919: error: Incompatible types in assignment (expression has type "float", target has type "int")  [assignment]
campro/freepiston/opt/ipopt_solver.py:922: error: Incompatible types in assignment (expression has type "float", target has type "int")  [assignment]
campro/freepiston/opt/ipopt_solver.py:925: error: Incompatible types in assignment (expression has type "float", target has type "int")  [assignment]
campro/freepiston/opt/ipopt_solver.py:928: error: Incompatible types in assignment (expression has type "str", target has type "int")  [assignment]
campro/freepiston/opt/ipopt_solver.py:931: error: Incompatible types in assignment (expression has type "float", target has type "int")  [assignment]
campro/freepiston/opt/ipopt_solver.py:932: error: Incompatible types in assignment (expression has type "float", target has type "int")  [assignment]
campro/freepiston/opt/ipopt_solver.py:933: error: Incompatible types in assignment (expression has type "float", target has type "int")  [assignment]
campro/freepiston/opt/ipopt_solver.py:938: error: Incompatible types in assignment (expression has type "float", target has type "int")  [assignment]
campro/freepiston/opt/ipopt_solver.py:942: error: Incompatible types in assignment (expression has type "str", target has type "int")  [assignment]
campro/freepiston/opt/ipopt_solver.py:952: error: Incompatible types in assignment (expression has type "str", target has type "int")  [assignment]
campro/freepiston/opt/ipopt_solver.py:955: error: Incompatible types in assignment (expression has type "str", target has type "int")  [assignment]
campro/freepiston/opt/ipopt_solver.py:958: error: Incompatible types in assignment (expression has type "str", target has type "int")  [assignment]
campro/freepiston/opt/ipopt_solver.py:959: error: Incompatible types in assignment (expression has type "float", target has type "int")  [assignment]
campro/freepiston/opt/ipopt_solver.py:961: error: Incompatible types in assignment (expression has type "float", target has type "int")  [assignment]
campro/freepiston/opt/ipopt_solver.py:965: error: Incompatible types in assignment (expression has type "str", target has type "int")  [assignment]
campro/freepiston/opt/ipopt_solver.py:970: error: Incompatible types in assignment (expression has type "str", target has type "int")  [assignment]
campro/freepiston/opt/ipopt_solver.py:974: error: Incompatible types in assignment (expression has type "float", target has type "int")  [assignment]
campro/freepiston/opt/ipopt_solver.py:975: error: Incompatible types in assignment (expression has type "str", target has type "int")  [assignment]
campro/freepiston/opt/ipopt_solver.py:977: error: Incompatible types in assignment (expression has type "float", target has type "int")  [assignment]
campro/freepiston/opt/ipopt_solver.py:981: error: Incompatible types in assignment (expression has type "float", target has type "int")  [assignment]
campro/freepiston/opt/ipopt_solver.py:1067: error: Incompatible return value type (got "floating[Any]", expected "float")  [return-value]
campro/freepiston/opt/ipopt_solver.py:1083: error: Incompatible return value type (got "floating[Any]", expected "float")  [return-value]
campro/freepiston/opt/driver.py:289: error: Function is missing a type annotation  [no-untyped-def]
campro/freepiston/opt/driver.py:307: error: Function is missing a type annotation  [no-untyped-def]
campro/freepiston/opt/driver.py:460: error: Too many values to unpack (2 expected, 3 provided)  [misc]
campro/freepiston/opt/driver.py:522: error: Unexpected keyword argument "meta" for "_compute_objective_scaling"  [call-arg]
campro/freepiston/opt/driver.py:522: error: Unexpected keyword argument "reporter" for "_compute_objective_scaling"  [call-arg]
campro/freepiston/opt/driver.py:1268: error: Incompatible return value type (got "Solution", expected "dict[str, Any]")  [return-value]
campro/freepiston/opt/driver.py:1345: error: "IPOPTOptions" has no attribute "nlp_scaling_method"  [attr-defined]
campro/freepiston/opt/driver.py:1352: error: "IPOPTOptions" has no attribute "nlp_scaling_max_gradient"  [attr-defined]
campro/freepiston/opt/driver.py:1356: error: "IPOPTOptions" has no attribute "obj_scaling_factor"  [attr-defined]
campro/freepiston/opt/driver.py:1425: error: "IPOPTOptions" has no attribute "ma57_automatic_scaling"  [attr-defined]
campro/freepiston/opt/driver.py:1426: error: "IPOPTOptions" has no attribute "ma57_pre_alloc"  [attr-defined]
campro/freepiston/opt/driver.py:1429: error: "IPOPTOptions" has no attribute "ma57_pivot_order"  [attr-defined]
campro/freepiston/opt/driver.py:1455: error: "IPOPTOptions" has no attribute "acceptable_dual_inf_tol"; maybe "acceptable_tol"?  [attr-defined]
campro/freepiston/opt/driver.py:1457: error: "IPOPTOptions" has no attribute "acceptable_dual_inf_tol"; maybe "acceptable_tol"?  [attr-defined]
campro/freepiston/opt/driver.py:1858: error: Name "Aex_max" is not defined  [name-defined]
campro/freepiston/opt/driver.py:1859: error: Name "t_ign_min" is not defined  [name-defined]
campro/freepiston/opt/driver.py:1859: error: Name "t_ign_max" is not defined  [name-defined]
campro/freepiston/opt/driver.py:1945: error: Name "vL_max" is not defined  [name-defined]
campro/freepiston/opt/driver.py:1945: error: Name "vR_max" is not defined  [name-defined]
campro/freepiston/opt/driver.py:1960: error: Name "xR_max" is not defined  [name-defined]
campro/freepiston/opt/driver.py:1962: error: Name "xR_max" is not defined  [name-defined]
campro/freepiston/opt/driver.py:2009: error: Name "rho_min" is not defined  [name-defined]
campro/freepiston/opt/driver.py:2009: error: Name "rho_max" is not defined  [name-defined]
campro/freepiston/opt/driver.py:2010: error: Name "T_min" is not defined  [name-defined]
campro/freepiston/opt/driver.py:2010: error: Name "T_max" is not defined  [name-defined]
campro/freepiston/opt/driver.py:2012: error: Name "xR_max" is not defined  [name-defined]
campro/freepiston/opt/driver.py:2013: error: Name "vL_min" is not defined  [name-defined]
campro/freepiston/opt/driver.py:2013: error: Name "vL_max" is not defined  [name-defined]
campro/freepiston/opt/driver.py:2014: error: Name "vR_min" is not defined  [name-defined]
campro/freepiston/opt/driver.py:2014: error: Name "vR_max" is not defined  [name-defined]
campro/freepiston/opt/driver.py:2018: error: Name "xL_interior" is not defined  [name-defined]
campro/freepiston/opt/driver.py:2020: error: Name "vL_interior" is not defined  [name-defined]
campro/freepiston/opt/driver.py:2022: error: Name "xR_interior" is not defined  [name-defined]
campro/freepiston/opt/driver.py:2024: error: Name "vR_interior" is not defined  [name-defined]
campro/freepiston/opt/driver.py:2026: error: Name "rho_interior" is not defined  [name-defined]
campro/freepiston/opt/driver.py:2028: error: Name "T_interior" is not defined  [name-defined]
campro/freepiston/opt/driver.py:2036: error: Name "xL_interior" is not defined  [name-defined]
campro/freepiston/opt/driver.py:2038: error: Name "xR_interior" is not defined  [name-defined]
campro/freepiston/opt/driver.py:2052: error: Name "xL_interior" is not defined  [name-defined]
campro/freepiston/opt/driver.py:2054: error: Name "vL_interior" is not defined  [name-defined]
campro/freepiston/opt/driver.py:2056: error: Name "xR_interior" is not defined  [name-defined]
campro/freepiston/opt/driver.py:2058: error: Name "vR_interior" is not defined  [name-defined]
campro/freepiston/opt/driver.py:2060: error: Name "rho_interior" is not defined  [name-defined]
campro/freepiston/opt/driver.py:2062: error: Name "T_interior" is not defined  [name-defined]
campro/freepiston/opt/driver.py:3585: error: Name "log" is used before definition  [used-before-def]
campro/freepiston/opt/driver.py:3590: error: Name "log" is used before definition  [used-before-def]
campro/freepiston/opt/driver.py:3601: error: Name "log" is used before definition  [used-before-def]
campro/freepiston/opt/driver.py:3611: error: Name "log" is used before definition  [used-before-def]
campro/freepiston/opt/driver.py:4694: error: Function is missing a type annotation  [no-untyped-def]
campro/freepiston/opt/driver.py:4850: error: Incompatible types in assignment (expression has type "SupportsDunderLT[Any] | SupportsDunderGT[Any]", variable has type "float")  [assignment]
campro/freepiston/opt/driver.py:4948: error: Incompatible types in assignment (expression has type "dict[str, Any]", target has type "float")  [assignment]
campro/freepiston/opt/driver.py:5926: note: "_compute_objective_scaling" defined here
campro/freepiston/opt/driver.py:6482: error: Item "None" of "Solution | None" has no attribute "meta"  [union-attr]
campro/freepiston/opt/driver.py:6483: error: Item "None" of "Solution | None" has no attribute "meta"  [union-attr]
campro/freepiston/opt/driver.py:6484: error: Incompatible return value type (got "Solution | None", expected "Solution")  [return-value]
campro/freepiston/opt/driver.py:6522: error: "dict[str, Any]" has no attribute "success"  [attr-defined]
campro/freepiston/opt/driver.py:6526: error: "dict[str, Any]" has no attribute "meta"  [attr-defined]
campro/freepiston/opt/driver.py:6527: error: "dict[str, Any]" has no attribute "meta"  [attr-defined]
campro/freepiston/opt/driver.py:6528: error: Incompatible return value type (got "dict[str, Any]", expected "Solution")  [return-value]
campro/freepiston/opt/driver.py:6531: error: Incompatible return value type (got "dict[str, Any]", expected "Solution")  [return-value]
campro/freepiston/opt/driver.py:6796: error: Name "_compute_objective_scaling" already defined on line 5926  [no-redef]
scripts/run_planet_ring_opt.py:17: error: Function is missing a return type annotation  [no-untyped-def]
scripts/run_planet_ring_opt.py:17: note: Use "-> None" if function does not return a value
scripts/verification/verify_litvin.py:14: error: Function is missing a return type annotation  [no-untyped-def]
scripts/verification/verify_litvin.py:90: error: Function is missing a type annotation  [no-untyped-def]
scripts/verification/verify_litvin.py:99: error: Function is missing a type annotation  [no-untyped-def]
scripts/tests/test_ratios.py:64: error: Function is missing a type annotation  [no-untyped-def]
scripts/tests/test_ratios.py:111: error: Function is missing a return type annotation  [no-untyped-def]
scripts/tests/test_ratios.py:111: note: Use "-> None" if function does not return a value
scripts/tests/test_litvin.py:26: error: Function is missing a return type annotation  [no-untyped-def]
scripts/tests/test_litvin.py:26: note: Use "-> None" if function does not return a value
scripts/tests/test_litvin.py:29: note: By default the bodies of untyped functions are not checked, consider using --check-untyped-defs  [annotation-unchecked]
scripts/tests/test_litvin.py:46: error: Function is missing a return type annotation  [no-untyped-def]
scripts/tests/test_litvin.py:68: error: Function is missing a return type annotation  [no-untyped-def]
scripts/tests/test_litvin.py:68: note: Use "-> None" if function does not return a value
scripts/tests/test_casadi_performance.py:27: error: Function is missing a return type annotation  [no-untyped-def]
scripts/tests/test_casadi_performance.py:27: note: Use "-> None" if function does not return a value
scripts/tests/test_casadi_performance.py:138: error: Function is missing a return type annotation  [no-untyped-def]
scripts/tests/test_casadi_performance.py:138: note: Use "-> None" if function does not return a value
scripts/tests/test_casadi_performance.py:159: error: Function is missing a return type annotation  [no-untyped-def]
scripts/tests/test_casadi_performance.py:159: note: Use "-> None" if function does not return a value
scripts/tests/test_casadi_performance.py:166: error: Function is missing a return type annotation  [no-untyped-def]
scripts/tests/test_casadi_performance.py:166: note: Use "-> None" if function does not return a value
scripts/tests/test_casadi_performance.py:177: error: Function is missing a return type annotation  [no-untyped-def]
scripts/tests/test_casadi_performance.py:177: note: Use "-> None" if function does not return a value
scripts/tests/test_casadi_performance.py:184: error: Function is missing a return type annotation  [no-untyped-def]
scripts/tests/test_casadi_performance.py:184: note: Use "-> None" if function does not return a value
scripts/tests/test_casadi_performance.py:200: error: Function is missing a return type annotation  [no-untyped-def]
scripts/tests/test_casadi_performance.py:200: note: Use "-> None" if function does not return a value
scripts/tests/test_casadi_performance.py:209: error: Function is missing a return type annotation  [no-untyped-def]
scripts/tests/test_casadi_performance.py:209: note: Use "-> None" if function does not return a value
scripts/tests/test_casadi_performance.py:245: error: Function is missing a return type annotation  [no-untyped-def]
scripts/tests/test_casadi_performance.py:245: note: Use "-> None" if function does not return a value
scripts/tests/quality/test_regression.py:6: error: Function is missing a type annotation  [no-untyped-def]
scripts/tests/quality/test_regression.py:57: error: Function is missing a return type annotation  [no-untyped-def]
scripts/tests/quality/test_regression.py:57: note: Use "-> None" if function does not return a value
campro/litvin/optimization.py:527: error: Argument 3 has incompatible type "dict[str, object]"; expected "dict[str, ndarray[Any, Any]]"  [arg-type]
campro/litvin/optimization.py:550: error: Argument 3 has incompatible type "dict[str, object]"; expected "dict[str, ndarray[Any, Any]]"  [arg-type]
campro/litvin/optimization.py:681: error: Unsupported operand types for / ("int" and "None")  [operator]
campro/litvin/optimization.py:681: note: Right operand is of type "int | None"
campro/litvin/optimization.py:1266: error: Unsupported operand types for / ("int" and "None")  [operator]
campro/litvin/optimization.py:1266: error: Unsupported operand types for / ("None" and "int")  [operator]
campro/litvin/optimization.py:1266: error: Unsupported left operand type for / ("None")  [operator]
campro/litvin/optimization.py:1266: note: Both left and right operands are unions
campro/litvin/optimization.py:1283: error: Unsupported operand types for / ("int" and "None")  [operator]
campro/litvin/optimization.py:1283: error: Unsupported operand types for / ("None" and "int")  [operator]
campro/litvin/optimization.py:1283: error: Unsupported left operand type for / ("None")  [operator]
campro/litvin/optimization.py:1283: note: Both left and right operands are unions
campro/litvin/optimization.py:1292: error: Incompatible return value type (got "tuple[int | None, int | None]", expected "tuple[int, int]")  [return-value]
campro/litvin/optimization.py:1400: error: Function is missing a type annotation  [no-untyped-def]
campro/litvin/optimization.py:1498: error: Argument "x0" to "solve" of "IPOPTSolver" has incompatible type "int | float | ndarray[Any, Any]"; expected "ndarray[Any, Any] | None"  [arg-type]
campro/litvin/optimization.py:1534: error: Item "None" of "ndarray[Any, Any] | None" has no attribute "tolist"  [union-attr]
campro/freepiston/opt/optimization_lib.py:135: error: "dict[str, Any]" has no attribute "meta"  [attr-defined]
campro/freepiston/opt/optimization_lib.py:136: error: Argument "solution" to "OptimizationResult" has incompatible type "dict[str, Any]"; expected "Solution | None"  [arg-type]
campro/freepiston/opt/optimization_lib.py:137: error: "dict[str, Any]" has no attribute "meta"  [attr-defined]
campro/freepiston/opt/optimization_lib.py:140: error: "dict[str, Any]" has no attribute "meta"  [attr-defined]
campro/freepiston/opt/optimization_lib.py:142: error: "dict[str, Any]" has no attribute "meta"  [attr-defined]
campro/freepiston/opt/optimization_lib.py:145: error: "dict[str, Any]" has no attribute "meta"  [attr-defined]
campro/freepiston/opt/optimization_lib.py:148: error: "dict[str, Any]" has no attribute "meta"  [attr-defined]
campro/freepiston/opt/optimization_lib.py:149: error: "dict[str, Any]" has no attribute "meta"  [attr-defined]
campro/freepiston/opt/optimization_lib.py:176: error: "dict[str, Any]" has no attribute "meta"  [attr-defined]
campro/freepiston/opt/optimization_lib.py:177: error: Argument "solution" to "OptimizationResult" has incompatible type "dict[str, Any]"; expected "Solution | None"  [arg-type]
campro/freepiston/opt/optimization_lib.py:178: error: "dict[str, Any]" has no attribute "meta"  [attr-defined]
campro/freepiston/opt/optimization_lib.py:181: error: "dict[str, Any]" has no attribute "meta"  [attr-defined]
campro/freepiston/opt/optimization_lib.py:183: error: "dict[str, Any]" has no attribute "meta"  [attr-defined]
campro/freepiston/opt/optimization_lib.py:186: error: "dict[str, Any]" has no attribute "meta"  [attr-defined]
campro/freepiston/opt/optimization_lib.py:189: error: "dict[str, Any]" has no attribute "meta"  [attr-defined]
campro/freepiston/opt/optimization_lib.py:190: error: "dict[str, Any]" has no attribute "meta"  [attr-defined]
campro/freepiston/opt/optimization_lib.py:220: error: "dict[str, Any]" has no attribute "meta"  [attr-defined]
campro/freepiston/opt/optimization_lib.py:221: error: Argument "solution" to "OptimizationResult" has incompatible type "dict[str, Any]"; expected "Solution | None"  [arg-type]
campro/freepiston/opt/optimization_lib.py:222: error: "dict[str, Any]" has no attribute "meta"  [attr-defined]
campro/freepiston/opt/optimization_lib.py:225: error: "dict[str, Any]" has no attribute "meta"  [attr-defined]
campro/freepiston/opt/optimization_lib.py:227: error: "dict[str, Any]" has no attribute "meta"  [attr-defined]
campro/freepiston/opt/optimization_lib.py:230: error: "dict[str, Any]" has no attribute "meta"  [attr-defined]
campro/freepiston/opt/optimization_lib.py:233: error: "dict[str, Any]" has no attribute "meta"  [attr-defined]
campro/freepiston/opt/optimization_lib.py:234: error: "dict[str, Any]" has no attribute "meta"  [attr-defined]
campro/freepiston/opt/optimization_lib.py:409: error: Incompatible types in assignment (expression has type "str", target has type "float")  [assignment]
scripts/tests/test_litvin_physics_integration.py:24: error: Argument "pressure_angle_deg_bounds" to "GeometrySearchConfig" has incompatible type "list[float]"; expected "tuple[float, float]"  [arg-type]
scripts/tests/test_litvin_physics_integration.py:25: error: Argument "addendum_factor_bounds" to "GeometrySearchConfig" has incompatible type "list[float]"; expected "tuple[float, float]"  [arg-type]
campro/freepiston/opt/config_factory.py:239: error: Function is missing a type annotation for one or more arguments  [no-untyped-def]
campro/freepiston/opt/config_factory.py:352: error: Cannot call function of unknown type  [operator]
campro/freepiston/opt/config_factory.py:355: error: Function is missing a type annotation for one or more arguments  [no-untyped-def]
campro/freepiston/opt/config_factory.py:436: error: Function is missing a type annotation for one or more arguments  [no-untyped-def]
campro/optimization/thermal_efficiency_adapter.py:243: error: Function is missing a type annotation for one or more arguments  [no-untyped-def]
campro/optimization/thermal_efficiency_adapter.py:346: error: Function is missing a type annotation for one or more arguments  [no-untyped-def]
campro/optimization/thermal_efficiency_adapter.py:426: error: Function is missing a type annotation for one or more arguments  [no-untyped-def]
campro/optimization/thermal_efficiency_adapter.py:520: error: Argument "objective_value" to "MotionLawResult" has incompatible type "float | None"; expected "float"  [arg-type]
campro/optimization/thermal_efficiency_adapter.py:522: error: Argument "iterations" to "MotionLawResult" has incompatible type "int | None"; expected "int"  [arg-type]
campro/optimization/thermal_efficiency_adapter.py:523: error: Argument "solve_time" to "MotionLawResult" has incompatible type "float | None"; expected "float"  [arg-type]
campro/optimization/thermal_efficiency_adapter.py:527: error: Argument "motion_type" to "MotionLawResult" has incompatible type "MotionType"; expected "str"  [arg-type]
campro/optimization/thermal_efficiency_adapter.py:530: error: Function is missing a type annotation for one or more arguments  [no-untyped-def]
campro/optimization/freepiston_phase1_adapter.py:71: error: Function is missing a type annotation for one or more arguments  [no-untyped-def]
campro/optimization/freepiston_phase1_adapter.py:103: error: Function is missing a type annotation for one or more arguments  [no-untyped-def]
campro/optimization/freepiston_phase1_adapter.py:158: error: Function is missing a type annotation for one or more arguments  [no-untyped-def]
campro/optimization/freepiston_phase1_adapter.py:331: error: Incompatible types in assignment (expression has type "dict[str, Any]", variable has type "Solution")  [assignment]
campro/optimization/freepiston_phase1_adapter.py:625: error: Function is missing a type annotation for one or more arguments  [no-untyped-def]
campro/optimization/freepiston_phase1_adapter.py:983: error: Function is missing a type annotation  [no-untyped-def]
campro/optimization/freepiston_phase1_adapter.py:1107: error: Item "None" of "dict[str, float] | None" has no attribute "get"  [union-attr]
campro/optimization/freepiston_phase1_adapter.py:1194: error: Need type annotation for "ca_markers_case"  [var-annotated]
campro/optimization/freepiston_phase1_adapter.py:1204: error: Item "ndarray[Any, Any]" of "ndarray[Any, Any] | float | dict[Any, Any]" has no attribute "items"  [union-attr]
campro/optimization/freepiston_phase1_adapter.py:1204: error: Item "float" of "ndarray[Any, Any] | float | dict[Any, Any]" has no attribute "items"  [union-attr]
campro/optimization/freepiston_phase1_adapter.py:1220: error: Item "ndarray[Any, Any]" of "ndarray[Any, Any] | float | dict[Any, Any]" has no attribute "items"  [union-attr]
campro/optimization/freepiston_phase1_adapter.py:1220: error: Item "float" of "ndarray[Any, Any] | float | dict[Any, Any]" has no attribute "items"  [union-attr]
campro/optimization/freepiston_phase1_adapter.py:1292: error: Argument 1 to "update" of "MutableMapping" has incompatible type "ndarray[Any, Any] | float"; expected "Iterable[tuple[str, float]]"  [arg-type]
campro/freepiston/opt/examples.py:29: error: Function is missing a return type annotation  [no-untyped-def]
campro/freepiston/opt/examples.py:62: error: Function is missing a return type annotation  [no-untyped-def]
campro/freepiston/opt/examples.py:108: error: Function is missing a return type annotation  [no-untyped-def]
campro/freepiston/opt/examples.py:132: error: Function is missing a return type annotation  [no-untyped-def]
campro/freepiston/opt/examples.py:156: error: Function is missing a return type annotation  [no-untyped-def]
campro/freepiston/opt/examples.py:179: error: Function is missing a return type annotation  [no-untyped-def]
campro/freepiston/opt/examples.py:203: error: Function is missing a return type annotation  [no-untyped-def]
campro/freepiston/opt/examples.py:227: error: Function is missing a return type annotation  [no-untyped-def]
campro/freepiston/opt/examples.py:247: error: Function is missing a return type annotation  [no-untyped-def]
campro/freepiston/opt/examples.py:293: error: Function is missing a return type annotation  [no-untyped-def]
campro/freepiston/opt/examples.py:326: error: Function is missing a return type annotation  [no-untyped-def]
campro/freepiston/opt/examples.py:369: error: Function is missing a return type annotation  [no-untyped-def]
campro/freepiston/opt/examples.py:401: error: Function is missing a return type annotation  [no-untyped-def]
campro/optimization/motion_law_optimizer.py:133: error: Incompatible types in assignment (expression has type "ThermalEfficiencyAdapter", variable has type "None")  [assignment]
campro/optimization/motion_law_optimizer.py:140: error: Function is missing a type annotation for one or more arguments  [no-untyped-def]
campro/optimization/motion_law_optimizer.py:220: error: Function is missing a type annotation for one or more arguments  [no-untyped-def]
campro/optimization/motion_law_optimizer.py:551: error: Argument "motion_type" to "MotionLawResult" has incompatible type "MotionType"; expected "str"  [arg-type]
campro/optimization/motion_law_optimizer.py:629: error: Argument "motion_type" to "MotionLawResult" has incompatible type "MotionType"; expected "str"  [arg-type]
campro/optimization/motion_law_optimizer.py:753: error: Argument "motion_type" to "MotionLawResult" has incompatible type "MotionType"; expected "str"  [arg-type]
campro/optimization/motion_law_optimizer.py:871: error: Argument "motion_type" to "MotionLawResult" has incompatible type "MotionType"; expected "str"  [arg-type]
campro/optimization/motion_law_optimizer.py:1137: error: Argument "motion_type" to "MotionLawResult" has incompatible type "MotionType"; expected "str"  [arg-type]
campro/optimization/motion_law_optimizer.py:1213: error: Function is missing a type annotation  [no-untyped-def]
campro/optimization/motion_law_optimizer.py:1218: error: Function is missing a type annotation  [no-untyped-def]
campro/optimization/motion_law_optimizer.py:1223: error: Function is missing a type annotation  [no-untyped-def]
campro/optimization/motion_law_optimizer.py:1228: error: Function is missing a type annotation  [no-untyped-def]
campro/optimization/motion_law_optimizer.py:1233: error: Function is missing a type annotation  [no-untyped-def]
campro/optimization/motion_law_optimizer.py:1238: error: Function is missing a type annotation  [no-untyped-def]
campro/optimization/motion_law_optimizer.py:1244: error: Function is missing a type annotation  [no-untyped-def]
campro/optimization/motion_law_optimizer.py:1598: error: Function is missing a type annotation  [no-untyped-def]
campro/optimization/collocation.py:77: error: Function is missing a return type annotation  [no-untyped-def]
campro/optimization/collocation.py:77: note: Use "-> None" if function does not return a value
campro/optimization/collocation.py:102: error: Function is missing a type annotation for one or more arguments  [no-untyped-def]
campro/optimization/collocation.py:133: error: Function is missing a type annotation for one or more arguments  [no-untyped-def]
scripts/tests/test_collocation_generic.py:20: error: Function is missing a return type annotation  [no-untyped-def]
scripts/tests/test_collocation_generic.py:20: error: Function is missing a type annotation for one or more arguments  [no-untyped-def]
scripts/tests/test_collocation_generic.py:36: error: Function is missing a return type annotation  [no-untyped-def]
campro/optimization/tertiary.py:111: error: Function is missing a type annotation for one or more arguments  [no-untyped-def]
campro/optimization/tertiary.py:135: error: Function is missing a type annotation for one or more arguments  [no-untyped-def]
campro/optimization/tertiary.py:224: error: Item "dict[Any, Any]" of "Any | dict[Any, Any]" has no attribute "to_dict"  [union-attr]
campro/optimization/tertiary.py:271: error: Function is missing a type annotation  [no-untyped-def]
campro/optimization/tertiary.py:285: error: Function is missing a type annotation for one or more arguments  [no-untyped-def]
campro/optimization/sun_gear_optimizer.py:150: error: Function is missing a type annotation for one or more arguments  [no-untyped-def]
campro/optimization/sun_gear_optimizer.py:181: error: Function is missing a type annotation for one or more arguments  [no-untyped-def]
campro/optimization/sun_gear_optimizer.py:183: error: Argument 1 of "optimize" is incompatible with supertype "campro.optimization.base.BaseOptimizer"; supertype defines the argument type as "Callable[..., Any]"  [override]
campro/optimization/sun_gear_optimizer.py:183: note: This violates the Liskov substitution principle
campro/optimization/sun_gear_optimizer.py:183: note: See https://mypy.readthedocs.io/en/stable/common_issues.html#incompatible-overrides
campro/optimization/sun_gear_optimizer.py:185: error: Argument 3 of "optimize" is incompatible with supertype "campro.optimization.base.BaseOptimizer"; supertype defines the argument type as "dict[str, ndarray[Any, Any]] | None"  [override]
campro/optimization/sun_gear_optimizer.py:185: note: This violates the Liskov substitution principle
campro/optimization/sun_gear_optimizer.py:185: note: See https://mypy.readthedocs.io/en/stable/common_issues.html#incompatible-overrides
campro/optimization/sun_gear_optimizer.py:228: error: Need type annotation for "cam_curves"  [var-annotated]
campro/optimization/sun_gear_optimizer.py:229: error: Need type annotation for "optimized_params"  [var-annotated]
campro/optimization/sun_gear_optimizer.py:281: error: Function is missing a type annotation  [no-untyped-def]
campro/optimization/sun_gear_optimizer.py:295: error: Argument 3 to "_define_constraints" of "SunGearOptimizer" has incompatible type "ndarray[Any, Any] | dict[Any, Any]"; expected "dict[str, ndarray[Any, Any]]"  [arg-type]
campro/optimization/sun_gear_optimizer.py:295: error: Argument 4 to "_define_constraints" of "SunGearOptimizer" has incompatible type "ndarray[Any, Any] | dict[Any, Any]"; expected "dict[str, float]"  [arg-type]
campro/optimization/sun_gear_optimizer.py:323: error: Argument 4 to "_generate_final_design" of "SunGearOptimizer" has incompatible type "ndarray[Any, Any] | dict[Any, Any]"; expected "dict[str, ndarray[Any, Any]]"  [arg-type]
campro/optimization/sun_gear_optimizer.py:381: error: Need type annotation for "optimized_params"  [var-annotated]
campro/optimization/sun_gear_optimizer.py:382: error: Item "ndarray[Any, Any]" of "ndarray[Any, Any] | dict[Any, Any]" has no attribute "get"  [union-attr]
campro/optimization/sun_gear_optimizer.py:383: error: Item "ndarray[Any, Any]" of "ndarray[Any, Any] | dict[Any, Any]" has no attribute "get"  [union-attr]
campro/optimization/sun_gear_optimizer.py:475: error: Function is missing a type annotation  [no-untyped-def]
campro/optimization/sun_gear_optimizer.py:499: error: Function is missing a type annotation  [no-untyped-def]
campro/optimization/secondary.py:84: error: Function is missing a type annotation for one or more arguments  [no-untyped-def]
campro/optimization/motion.py:55: error: Function is missing a type annotation for one or more arguments  [no-untyped-def]
campro/optimization/motion.py:107: error: Function is missing a type annotation  [no-untyped-def]
campro/optimization/motion.py:150: error: Item "MotionConstraints" of "MotionConstraints | CamMotionConstraints" has no attribute "objective_type"  [union-attr]
campro/optimization/motion.py:150: error: Item "CamMotionConstraints" of "MotionConstraints | CamMotionConstraints" has no attribute "objective_type"  [union-attr]
campro/optimization/motion.py:204: error: Argument 3 to "optimize" of "MotionOptimizer" has incompatible type "**dict[str, object]"; expected "dict[str, ndarray[Any, dtype[floating[_64Bit]]]] | None"  [arg-type]
campro/optimization/motion.py:251: error: Argument 3 to "optimize" of "MotionOptimizer" has incompatible type "**dict[str, object]"; expected "dict[str, ndarray[Any, dtype[floating[_64Bit]]]] | None"  [arg-type]
campro/optimization/motion.py:300: error: Argument 3 to "optimize" of "MotionOptimizer" has incompatible type "**dict[str, object]"; expected "dict[str, ndarray[Any, dtype[floating[_64Bit]]]] | None"  [arg-type]
campro/optimization/motion.py:302: error: Function is missing a type annotation for one or more arguments  [no-untyped-def]
campro/optimization/crank_center_optimizer.py:164: error: Function is missing a type annotation for one or more arguments  [no-untyped-def]
campro/optimization/crank_center_optimizer.py:197: error: Argument 1 of "optimize" is incompatible with supertype "campro.optimization.base.BaseOptimizer"; supertype defines the argument type as "Callable[..., Any]"  [override]
campro/optimization/crank_center_optimizer.py:197: note: This violates the Liskov substitution principle
campro/optimization/crank_center_optimizer.py:197: note: See https://mypy.readthedocs.io/en/stable/common_issues.html#incompatible-overrides
campro/optimization/crank_center_optimizer.py:199: error: Argument 3 of "optimize" is incompatible with supertype "campro.optimization.base.BaseOptimizer"; supertype defines the argument type as "dict[str, ndarray[Any, Any]] | None"  [override]
campro/optimization/crank_center_optimizer.py:199: note: This violates the Liskov substitution principle
campro/optimization/crank_center_optimizer.py:199: note: See https://mypy.readthedocs.io/en/stable/common_issues.html#incompatible-overrides
campro/optimization/crank_center_optimizer.py:492: error: No overload variant of "__getitem__" of "ndarray" matches argument type "str"  [call-overload]
campro/optimization/crank_center_optimizer.py:492: note: Possible overload variants:
campro/optimization/crank_center_optimizer.py:492: note:     def __getitem__(self, ndarray[Any, dtype[integer[Any]]] | ndarray[Any, dtype[bool_]] | tuple[ndarray[Any, dtype[integer[Any]]] | ndarray[Any, dtype[bool_]], ...], /) -> ndarray[Any, dtype[floating[_64Bit]]]
campro/optimization/crank_center_optimizer.py:492: note:     def __getitem__(self, SupportsIndex | tuple[SupportsIndex, ...], /) -> Any
campro/optimization/crank_center_optimizer.py:492: note:     def __getitem__(self, slice[Any, Any, Any] | EllipsisType | SupportsIndex | _SupportsArray[dtype[bool_ | integer[Any]]] | _NestedSequence[_SupportsArray[dtype[bool_ | integer[Any]]]] | bool | int | _NestedSequence[bool | int] | tuple[slice[Any, Any, Any] | EllipsisType | _SupportsArray[dtype[bool_ | integer[Any]]] | _NestedSequence[_SupportsArray[dtype[bool_ | integer[Any]]]] | bool | int | _NestedSequence[bool | int] | SupportsIndex | None, ...] | None, /) -> ndarray[Any, dtype[floating[_64Bit]]]
campro/optimization/crank_center_optimizer.py:809: error: Function is missing a return type annotation  [no-untyped-def]
campro/optimization/crank_center_optimizer.py:809: error: Function is missing a type annotation for one or more arguments  [no-untyped-def]
campro/optimization/crank_center_optimizer.py:1062: error: Function is missing a type annotation  [no-untyped-def]
campro/optimization/crank_center_optimizer.py:1091: error: Function is missing a return type annotation  [no-untyped-def]
campro/optimization/crank_center_optimizer.py:1091: error: Function is missing a type annotation for one or more arguments  [no-untyped-def]
campro/optimization/crank_center_optimizer.py:1231: error: Function is missing a type annotation  [no-untyped-def]
campro/optimization/cam_ring_optimizer.py:135: error: Function is missing a type annotation for one or more arguments  [no-untyped-def]
campro/optimization/cam_ring_optimizer.py:169: error: Signature of "optimize" incompatible with supertype "campro.optimization.base.BaseOptimizer"  [override]
campro/optimization/cam_ring_optimizer.py:169: note:      Superclass:
campro/optimization/cam_ring_optimizer.py:169: note:          def optimize(self, objective: Callable[..., Any], constraints: Any, initial_guess: dict[str, ndarray[Any, Any]] | None = ..., **kwargs: Any) -> OptimizationResult
campro/optimization/cam_ring_optimizer.py:169: note:      Subclass:
campro/optimization/cam_ring_optimizer.py:169: note:          def optimize(self, primary_data: dict[str, ndarray[Any, dtype[floating[_64Bit]]]], initial_guess: dict[str, float] | None = ..., **kwargs: Any) -> OptimizationResult
campro/optimization/cam_ring_optimizer.py:248: error: Too many arguments for "info" of "ProgressLogger"  [call-arg]
campro/optimization/cam_ring_optimizer.py:303: error: Incompatible types in assignment (expression has type "RadialSlotMotion", target has type "ndarray[Any, dtype[floating[_64Bit]]]")  [assignment]
campro/optimization/cam_ring_optimizer.py:665: error: Function is missing a type annotation for one or more arguments  [no-untyped-def]
campro/optimization/cam_ring_optimizer.py:681: error: Incompatible types in assignment (expression has type "RadialSlotMotion", variable has type "ndarray[Any, dtype[floating[_64Bit]]] | None")  [assignment]
campro/optimization/cam_ring_optimizer.py:691: error: Argument 2 to "_sample_center_distance" of "CamRingOptimizer" has incompatible type "ndarray[Any, dtype[floating[_64Bit]]] | None"; expected "RadialSlotMotion"  [arg-type]
campro/optimization/cam_ring_optimizer.py:740: error: Incompatible types in assignment (expression has type "SectionBoundaries", variable has type "ndarray[Any, dtype[floating[_64Bit]]] | None")  [assignment]
scripts/tests/test_litvin_optimization.py:37: error: Function is missing a return type annotation  [no-untyped-def]
scripts/tests/test_litvin_optimization.py:37: note: Use "-> None" if function does not return a value
scripts/tests/test_litvin_optimization.py:65: error: Function is missing a return type annotation  [no-untyped-def]
scripts/tests/test_litvin_optimization.py:65: note: Use "-> None" if function does not return a value
scripts/tests/test_litvin_optimization.py:95: error: Function is missing a return type annotation  [no-untyped-def]
scripts/tests/test_litvin_optimization.py:95: note: Use "-> None" if function does not return a value
scripts/tests/test_litvin_optimization.py:121: error: Function is missing a return type annotation  [no-untyped-def]
scripts/tests/test_litvin_optimization.py:121: note: Use "-> None" if function does not return a value
scripts/tests/test_litvin_optimization.py:145: error: Function is missing a return type annotation  [no-untyped-def]
scripts/tests/test_litvin_optimization.py:145: note: Use "-> None" if function does not return a value
scripts/tests/test_litvin_optimization.py:173: error: Function is missing a return type annotation  [no-untyped-def]
scripts/tests/test_litvin_optimization.py:195: error: Function is missing a return type annotation  [no-untyped-def]
scripts/tests/test_litvin_optimization.py:195: note: Use "-> None" if function does not return a value
scripts/tests/test_casadi_validation_mode.py:26: error: Function is missing a return type annotation  [no-untyped-def]
scripts/tests/test_casadi_validation_mode.py:26: note: Use "-> None" if function does not return a value
scripts/tests/test_casadi_validation_mode.py:44: error: Function is missing a return type annotation  [no-untyped-def]
scripts/tests/test_casadi_validation_mode.py:44: note: Use "-> None" if function does not return a value
scripts/tests/test_casadi_validation_mode.py:50: error: Function is missing a return type annotation  [no-untyped-def]
scripts/tests/test_casadi_validation_mode.py:50: note: Use "-> None" if function does not return a value
scripts/tests/test_casadi_validation_mode.py:57: error: Function is missing a return type annotation  [no-untyped-def]
scripts/tests/test_casadi_validation_mode.py:57: note: Use "-> None" if function does not return a value
scripts/tests/test_casadi_validation_mode.py:64: error: Function is missing a return type annotation  [no-untyped-def]
scripts/tests/test_casadi_validation_mode.py:64: note: Use "-> None" if function does not return a value
scripts/tests/test_casadi_validation_mode.py:71: error: Function is missing a return type annotation  [no-untyped-def]
scripts/tests/test_casadi_validation_mode.py:71: note: Use "-> None" if function does not return a value
scripts/tests/test_casadi_validation_mode.py:111: error: Function is missing a return type annotation  [no-untyped-def]
scripts/tests/test_casadi_validation_mode.py:117: error: Function is missing a type annotation  [no-untyped-def]
scripts/tests/test_casadi_validation_mode.py:141: error: Function is missing a return type annotation  [no-untyped-def]
scripts/tests/test_casadi_validation_mode.py:141: note: Use "-> None" if function does not return a value
scripts/tests/test_casadi_validation_mode.py:167: error: Function is missing a return type annotation  [no-untyped-def]
scripts/tests/test_casadi_validation_mode.py:167: note: Use "-> None" if function does not return a value
scripts/tests/test_casadi_validation_mode.py:187: error: Function is missing a return type annotation  [no-untyped-def]
scripts/tests/test_casadi_validation_mode.py:194: error: Function is missing a type annotation  [no-untyped-def]
campro/optimization/unified_framework.py:354: error: Function is missing a type annotation  [no-untyped-def]
campro/optimization/unified_framework.py:441: error: Function is missing a type annotation for one or more arguments  [no-untyped-def]
campro/optimization/unified_framework.py:566: error: Function is missing a type annotation for one or more arguments  [no-untyped-def]
campro/optimization/unified_framework.py:1043: error: Function is missing a type annotation for one or more arguments  [no-untyped-def]
campro/optimization/unified_framework.py:1445: error: Need type annotation for "ca_markers_tune__"  [var-annotated]
campro/optimization/unified_framework.py:1448: error: Item "ndarray[Any, Any]" of "ndarray[Any, Any] | float | dict[Any, Any]" has no attribute "get"  [union-attr]
campro/optimization/unified_framework.py:1448: error: Item "float" of "ndarray[Any, Any] | float | dict[Any, Any]" has no attribute "get"  [union-attr]
campro/optimization/unified_framework.py:1450: error: Value of type "ndarray[Any, Any] | float | dict[Any, Any]" is not indexable  [index]
campro/optimization/unified_framework.py:1455: error: Item "ndarray[Any, Any]" of "ndarray[Any, Any] | float | dict[Any, Any]" has no attribute "get"  [union-attr]
campro/optimization/unified_framework.py:1455: error: Item "float" of "ndarray[Any, Any] | float | dict[Any, Any]" has no attribute "get"  [union-attr]
campro/optimization/unified_framework.py:1457: error: Value of type "ndarray[Any, Any] | float | dict[Any, Any]" is not indexable  [index]
campro/optimization/unified_framework.py:1462: error: Item "ndarray[Any, Any]" of "ndarray[Any, Any] | float | dict[Any, Any]" has no attribute "get"  [union-attr]
campro/optimization/unified_framework.py:1462: error: Item "float" of "ndarray[Any, Any] | float | dict[Any, Any]" has no attribute "get"  [union-attr]
campro/optimization/unified_framework.py:1464: error: Value of type "ndarray[Any, Any] | float | dict[Any, Any]" is not indexable  [index]
campro/optimization/unified_framework.py:1627: error: "UnifiedOptimizationData" has no attribute "air_mass"  [attr-defined]
campro/optimization/unified_framework.py:1628: error: "UnifiedOptimizationData" has no attribute "air_mass"  [attr-defined]
campro/optimization/unified_framework.py:1754: error: Incompatible types in assignment (expression has type "ndarray[Any, Any] | float | None", variable has type "dict[str, float] | None")  [assignment]
campro/optimization/unified_framework.py:1850: error: Argument 3 to "l2_project" of "GridMapper" has incompatible type "ndarray[Any, Any] | None"; expected "ndarray[Any, Any]"  [arg-type]
campro/optimization/unified_framework.py:1854: error: Argument 3 to "periodic_pchip_resample" of "GridMapper" has incompatible type "ndarray[Any, Any] | None"; expected "ndarray[Any, Any]"  [arg-type]
campro/optimization/unified_framework.py:1857: error: Argument 3 to "barycentric_resample" of "GridMapper" has incompatible type "ndarray[Any, Any] | None"; expected "ndarray[Any, Any]"  [arg-type]
campro/optimization/unified_framework.py:1860: error: Argument 3 to "periodic_linear_resample" of "GridMapper" has incompatible type "ndarray[Any, Any] | None"; expected "ndarray[Any, Any]"  [arg-type]
campro/optimization/unified_framework.py:1863: error: Argument 1 to "trapz_weights" of "GridMapper" has incompatible type "ndarray[Any, Any] | None"; expected "ndarray[Any, Any]"  [arg-type]
campro/optimization/unified_framework.py:1867: error: Need type annotation for "ca_markers_case"  [var-annotated]
campro/optimization/unified_framework.py:1904: error: Item "ndarray[Any, Any]" of "ndarray[Any, Any] | float | dict[Any, Any]" has no attribute "items"  [union-attr]
campro/optimization/unified_framework.py:1904: error: Item "float" of "ndarray[Any, Any] | float | dict[Any, Any]" has no attribute "items"  [union-attr]
campro/optimization/unified_framework.py:1919: error: Item "ndarray[Any, Any]" of "ndarray[Any, Any] | float | dict[Any, Any]" has no attribute "items"  [union-attr]
campro/optimization/unified_framework.py:1919: error: Item "float" of "ndarray[Any, Any] | float | dict[Any, Any]" has no attribute "items"  [union-attr]
campro/optimization/unified_framework.py:2040: error: Incompatible types in assignment (expression has type "OptimizationStatus | str", variable has type "str")  [assignment]
campro/optimization/unified_framework.py:2103: error: Incompatible types in assignment (expression has type "ndarray[Any, Any] | float", variable has type "dict[str, float] | None")  [assignment]
campro/optimization/unified_framework.py:2168: error: Too many arguments for "info" of "ProgressLogger"  [call-arg]
campro/optimization/unified_framework.py:2256: error: Need type annotation for "ca_markers_eval__"  [var-annotated]
campro/optimization/unified_framework.py:2257: error: Item "ndarray[Any, Any]" of "ndarray[Any, Any] | float | dict[Any, Any]" has no attribute "get"  [union-attr]
campro/optimization/unified_framework.py:2257: error: Item "float" of "ndarray[Any, Any] | float | dict[Any, Any]" has no attribute "get"  [union-attr]
campro/optimization/unified_framework.py:3425: error: Argument "primary_data" to "optimize" of "CrankCenterOptimizer" has incompatible type "dict[str, ndarray[Any, Any] | None]"; expected "dict[str, ndarray[Any, dtype[floating[_64Bit]]]]"  [arg-type]
campro/optimization/unified_framework.py:3481: error: Incompatible types in assignment (expression has type "float", target has type "ndarray[Any, Any]")  [assignment]
campro/optimization/unified_framework.py:3485: error: Incompatible types in assignment (expression has type "float", target has type "ndarray[Any, Any]")  [assignment]
campro/optimization/unified_framework.py:3489: error: Incompatible types in assignment (expression has type "float", target has type "ndarray[Any, Any]")  [assignment]
campro/optimization/unified_framework.py:3494: error: Incompatible types in assignment (expression has type "float", target has type "ndarray[Any, Any]")  [assignment]
campro/optimization/unified_framework.py:3505: error: Name "CamMotionConstraints" is not defined  [name-defined]
campro/optimization/unified_framework.py:3559: error: Too many arguments for "error" of "ProgressLogger"  [call-arg]
campro/optimization/unified_framework.py:3581: error: Name "CamMotionConstraints" is not defined  [name-defined]
campro/optimization/unified_framework.py:3683: error: Incompatible types in assignment (expression has type "ndarray[Any, Any]", target has type "tuple[Any, ...] | float | None")  [assignment]
campro/optimization/unified_framework.py:4100: error: "UnifiedOptimizationData" has no attribute "primary_workload_metadata"  [attr-defined]
campro/optimization/unified_framework.py:4102: error: "UnifiedOptimizationData" has no attribute "primary_workload_metadata"  [attr-defined]
campro/optimization/unified_framework.py:4106: error: "UnifiedOptimizationData" has no attribute "primary_workload_metadata"  [attr-defined]
campro/optimization/unified_framework.py:4158: error: Need type annotation for "optimized_params"  [var-annotated]
campro/optimization/unified_framework.py:4159: error: Item "ndarray[Any, Any]" of "ndarray[Any, Any] | dict[Any, Any]" has no attribute "get"  [union-attr]
campro/optimization/unified_framework.py:4172: error: Incompatible types in assignment (expression has type "ndarray[Any, Any] | None", variable has type "float | None")  [assignment]
campro/optimization/unified_framework.py:4182: error: "ndarray[Any, Any]" has no attribute "get"  [attr-defined]
campro/optimization/unified_framework.py:4183: error: "ndarray[Any, Any]" has no attribute "get"  [attr-defined]
campro/optimization/unified_framework.py:4196: error: "ndarray[Any, Any]" has no attribute "get"  [attr-defined]
campro/optimization/unified_framework.py:4202: error: "ndarray[Any, Any]" has no attribute "get"  [attr-defined]
campro/optimization/unified_framework.py:4204: error: "ndarray[Any, Any]" has no attribute "get"  [attr-defined]
campro/optimization/unified_framework.py:4206: error: "ndarray[Any, Any]" has no attribute "get"  [attr-defined]
campro/optimization/unified_framework.py:4207: error: "ndarray[Any, Any]" has no attribute "get"  [attr-defined]
campro/optimization/unified_framework.py:4208: error: "ndarray[Any, Any]" has no attribute "get"  [attr-defined]
campro/optimization/unified_framework.py:4210: error: "ndarray[Any, Any]" has no attribute "get"  [attr-defined]
campro/optimization/unified_framework.py:4215: error: "ndarray[Any, Any]" has no attribute "get"  [attr-defined]
campro/optimization/unified_framework.py:4218: error: "ndarray[Any, Any]" has no attribute "get"  [attr-defined]
campro/optimization/unified_framework.py:4220: error: "ndarray[Any, Any]" has no attribute "get"  [attr-defined]
campro/optimization/unified_framework.py:4321: error: Incompatible types in assignment (expression has type "ndarray[Any, Any] | None", variable has type "dict[str, Any] | None")  [assignment]
campro/optimization/unified_framework.py:4417: error: Need type annotation for "optimized_params"  [var-annotated]
campro/optimization/unified_framework.py:4418: error: Need type annotation for "performance_metrics"  [var-annotated]
campro/optimization/unified_framework.py:4421: error: Item "ndarray[Any, Any]" of "ndarray[Any, Any] | dict[Any, Any]" has no attribute "get"  [union-attr]
campro/optimization/unified_framework.py:4422: error: Item "ndarray[Any, Any]" of "ndarray[Any, Any] | dict[Any, Any]" has no attribute "get"  [union-attr]
campro/optimization/unified_framework.py:4423: error: Item "ndarray[Any, Any]" of "ndarray[Any, Any] | dict[Any, Any]" has no attribute "get"  [union-attr]
campro/optimization/unified_framework.py:4424: error: Item "ndarray[Any, Any]" of "ndarray[Any, Any] | dict[Any, Any]" has no attribute "get"  [union-attr]
campro/optimization/unified_framework.py:4427: error: Item "ndarray[Any, Any]" of "ndarray[Any, Any] | dict[Any, Any]" has no attribute "get"  [union-attr]
campro/optimization/unified_framework.py:4430: error: Item "ndarray[Any, Any]" of "ndarray[Any, Any] | dict[Any, Any]" has no attribute "get"  [union-attr]
campro/optimization/unified_framework.py:4433: error: Item "ndarray[Any, Any]" of "ndarray[Any, Any] | dict[Any, Any]" has no attribute "get"  [union-attr]
campro/optimization/unified_framework.py:4434: error: Item "ndarray[Any, Any]" of "ndarray[Any, Any] | dict[Any, Any]" has no attribute "get"  [union-attr]
campro/optimization/unified_framework.py:4435: error: Item "ndarray[Any, Any]" of "ndarray[Any, Any] | dict[Any, Any]" has no attribute "get"  [union-attr]
campro/optimization/unified_framework.py:4436: error: Item "ndarray[Any, Any]" of "ndarray[Any, Any] | dict[Any, Any]" has no attribute "get"  [union-attr]
campro/api/__init__.py:41: error: Function is missing a return type annotation  [no-untyped-def]
campro/api/__init__.py:151: error: Name "meta" already defined on line 127  [no-redef]
scripts/tests/unit/api/test_solve_report.py:4: error: Function is missing a return type annotation  [no-untyped-def]
scripts/tests/unit/api/test_solve_report.py:4: note: Use "-> None" if function does not return a value
scripts/tests/unit/api/test_problem_spec.py:4: error: Function is missing a return type annotation  [no-untyped-def]
scripts/tests/unit/api/test_problem_spec.py:4: note: Use "-> None" if function does not return a value
Found 784 errors in 134 files (checked 236 source files)
